<?xml version="1.0" encoding="UTF-8"?>
<robot generator="Robot 3.2.2 (Python 3.8.5 on linux)" generated="20210204 15:18:54.437" rpa="false">
<suite id="s1" name="TestSite" source="/home/rogerio.ribeiro/Documentos/SuiteSiteAutomation/env/tests/TestSite.robot">
<test id="s1-t1" name="Caso de Teste 01: Pesquisar produto existente">
<kw name="Abrir navegador" library="Resource" type="setup">
<msg timestamp="20210204 15:18:54.571" level="TRACE">Arguments: [  ]</msg>
<kw name="Open Browser" library="SeleniumLibrary">
<doc>Opens a new browser instance to the optional ``url``.</doc>
<arguments>
<arg>about:blank</arg>
<arg>${BROWSER}</arg>
</arguments>
<msg timestamp="20210204 15:18:54.572" level="TRACE">Arguments: [ 'about:blank' | 'chrome' ]</msg>
<msg timestamp="20210204 15:18:54.572" level="INFO">Opening browser 'chrome' to base url 'about:blank'.</msg>
<msg timestamp="20210204 15:18:55.577" level="DEBUG">POST http://127.0.0.1:34735/session {"capabilities": {"firstMatch": [{}], "alwaysMatch": {"browserName": "chrome", "platformName": "any", "goog:chromeOptions": {"extensions": [], "args": []}}}, "desiredCapabilities": {"browserName": "chrome", "version": "", "platform": "ANY", "goog:chromeOptions": {"extensions": [], "args": []}}}</msg>
<msg timestamp="20210204 15:18:55.578" level="DEBUG">Starting new HTTP connection (1): 127.0.0.1:34735</msg>
<msg timestamp="20210204 15:18:55.958" level="DEBUG">http://127.0.0.1:34735 "POST /session HTTP/1.1" 200 680</msg>
<msg timestamp="20210204 15:18:55.958" level="DEBUG">Finished Request</msg>
<msg timestamp="20210204 15:18:55.958" level="DEBUG">POST http://127.0.0.1:34735/session/defdf6b179467acfe91c316d236ec1e7/timeouts {"script": 5000}</msg>
<msg timestamp="20210204 15:18:55.959" level="DEBUG">http://127.0.0.1:34735 "POST /session/defdf6b179467acfe91c316d236ec1e7/timeouts HTTP/1.1" 200 14</msg>
<msg timestamp="20210204 15:18:55.959" level="DEBUG">Finished Request</msg>
<msg timestamp="20210204 15:18:55.959" level="DEBUG">POST http://127.0.0.1:34735/session/defdf6b179467acfe91c316d236ec1e7/timeouts {"implicit": 0}</msg>
<msg timestamp="20210204 15:18:55.960" level="DEBUG">http://127.0.0.1:34735 "POST /session/defdf6b179467acfe91c316d236ec1e7/timeouts HTTP/1.1" 200 14</msg>
<msg timestamp="20210204 15:18:55.960" level="DEBUG">Finished Request</msg>
<msg timestamp="20210204 15:18:55.960" level="DEBUG">POST http://127.0.0.1:34735/session/defdf6b179467acfe91c316d236ec1e7/url {"url": "about:blank"}</msg>
<msg timestamp="20210204 15:18:55.976" level="DEBUG">http://127.0.0.1:34735 "POST /session/defdf6b179467acfe91c316d236ec1e7/url HTTP/1.1" 200 14</msg>
<msg timestamp="20210204 15:18:55.977" level="DEBUG">Finished Request</msg>
<msg timestamp="20210204 15:18:55.977" level="DEBUG">Opened browser with session id defdf6b179467acfe91c316d236ec1e7.</msg>
<msg timestamp="20210204 15:18:55.977" level="TRACE">Return: 1</msg>
<status status="PASS" starttime="20210204 15:18:54.571" endtime="20210204 15:18:55.977"></status>
</kw>
<msg timestamp="20210204 15:18:55.977" level="TRACE">Return: None</msg>
<status status="PASS" starttime="20210204 15:18:54.571" endtime="20210204 15:18:55.977"></status>
</kw>
<kw name="Acessar a página home do site" library="Resource">
<msg timestamp="20210204 15:18:55.978" level="TRACE">Arguments: [  ]</msg>
<kw name="Go To" library="SeleniumLibrary">
<doc>Navigates the current browser window to the provided ``url``.</doc>
<arguments>
<arg>http://automationpractice.com</arg>
</arguments>
<msg timestamp="20210204 15:18:55.979" level="TRACE">Arguments: [ 'http://automationpractice.com' ]</msg>
<msg timestamp="20210204 15:18:55.980" level="INFO">Opening url 'http://automationpractice.com'</msg>
<msg timestamp="20210204 15:18:55.980" level="DEBUG">POST http://127.0.0.1:34735/session/defdf6b179467acfe91c316d236ec1e7/url {"url": "http://automationpractice.com"}</msg>
<msg timestamp="20210204 15:19:01.092" level="DEBUG">http://127.0.0.1:34735 "POST /session/defdf6b179467acfe91c316d236ec1e7/url HTTP/1.1" 200 14</msg>
<msg timestamp="20210204 15:19:01.092" level="DEBUG">Finished Request</msg>
<msg timestamp="20210204 15:19:01.092" level="TRACE">Return: None</msg>
<status status="PASS" starttime="20210204 15:18:55.979" endtime="20210204 15:19:01.093"></status>
</kw>
<kw name="Title Should Be" library="SeleniumLibrary">
<doc>Verifies that the current page title equals ``title``.</doc>
<arguments>
<arg>My Store</arg>
</arguments>
<msg timestamp="20210204 15:19:01.093" level="TRACE">Arguments: [ 'My Store' ]</msg>
<msg timestamp="20210204 15:19:01.094" level="DEBUG">GET http://127.0.0.1:34735/session/defdf6b179467acfe91c316d236ec1e7/title {}</msg>
<msg timestamp="20210204 15:19:01.098" level="DEBUG">http://127.0.0.1:34735 "GET /session/defdf6b179467acfe91c316d236ec1e7/title HTTP/1.1" 200 20</msg>
<msg timestamp="20210204 15:19:01.098" level="DEBUG">Finished Request</msg>
<msg timestamp="20210204 15:19:01.098" level="INFO">Page title is 'My Store'.</msg>
<msg timestamp="20210204 15:19:01.098" level="TRACE">Return: None</msg>
<status status="PASS" starttime="20210204 15:19:01.093" endtime="20210204 15:19:01.098"></status>
</kw>
<msg timestamp="20210204 15:19:01.099" level="TRACE">Return: None</msg>
<status status="PASS" starttime="20210204 15:18:55.978" endtime="20210204 15:19:01.099"></status>
</kw>
<kw name="Digitar o nome do produto &quot;Blouse&quot; no campo de pesquisa" library="Resource">
<msg timestamp="20210204 15:19:01.099" level="TRACE">Arguments: [ ${PRODUTO}='Blouse' ]</msg>
<kw name="Input Text" library="SeleniumLibrary">
<doc>Types the given ``text`` into the text field identified by ``locator``.</doc>
<arguments>
<arg>name=search_query</arg>
<arg>${PRODUTO}</arg>
</arguments>
<msg timestamp="20210204 15:19:01.099" level="TRACE">Arguments: [ 'name=search_query' | 'Blouse' ]</msg>
<msg timestamp="20210204 15:19:01.100" level="INFO">Typing text 'Blouse' into text field 'name=search_query'.</msg>
<msg timestamp="20210204 15:19:01.100" level="DEBUG">POST http://127.0.0.1:34735/session/defdf6b179467acfe91c316d236ec1e7/elements {"using": "css selector", "value": "[name=\"search_query\"]"}</msg>
<msg timestamp="20210204 15:19:01.112" level="DEBUG">http://127.0.0.1:34735 "POST /session/defdf6b179467acfe91c316d236ec1e7/elements HTTP/1.1" 200 90</msg>
<msg timestamp="20210204 15:19:01.112" level="DEBUG">Finished Request</msg>
<msg timestamp="20210204 15:19:01.112" level="DEBUG">POST http://127.0.0.1:34735/session/defdf6b179467acfe91c316d236ec1e7/element/29c60af6-e531-4da0-8b1e-448697cc5ba8/clear {"id": "29c60af6-e531-4da0-8b1e-448697cc5ba8"}</msg>
<msg timestamp="20210204 15:19:01.137" level="DEBUG">http://127.0.0.1:34735 "POST /session/defdf6b179467acfe91c316d236ec1e7/element/29c60af6-e531-4da0-8b1e-448697cc5ba8/clear HTTP/1.1" 200 14</msg>
<msg timestamp="20210204 15:19:01.137" level="DEBUG">Finished Request</msg>
<msg timestamp="20210204 15:19:01.137" level="DEBUG">POST http://127.0.0.1:34735/session/defdf6b179467acfe91c316d236ec1e7/element/29c60af6-e531-4da0-8b1e-448697cc5ba8/value {"text": "Blouse", "value": ["B", "l", "o", "u", "s", "e"], "id": "29c60af6-e531-4da0-8b1e-448697cc5ba8"}</msg>
<msg timestamp="20210204 15:19:01.178" level="DEBUG">http://127.0.0.1:34735 "POST /session/defdf6b179467acfe91c316d236ec1e7/element/29c60af6-e531-4da0-8b1e-448697cc5ba8/value HTTP/1.1" 200 14</msg>
<msg timestamp="20210204 15:19:01.179" level="DEBUG">Finished Request</msg>
<msg timestamp="20210204 15:19:01.179" level="TRACE">Return: None</msg>
<status status="PASS" starttime="20210204 15:19:01.099" endtime="20210204 15:19:01.179"></status>
</kw>
<msg timestamp="20210204 15:19:01.179" level="TRACE">Return: None</msg>
<status status="PASS" starttime="20210204 15:19:01.099" endtime="20210204 15:19:01.179"></status>
</kw>
<kw name="Clicar no botão pesquisar" library="Resource">
<msg timestamp="20210204 15:19:01.180" level="TRACE">Arguments: [  ]</msg>
<kw name="Click Element" library="SeleniumLibrary">
<doc>Click the element identified by ``locator``.</doc>
<arguments>
<arg>name=submit_search</arg>
</arguments>
<msg timestamp="20210204 15:19:01.180" level="TRACE">Arguments: [ 'name=submit_search' ]</msg>
<msg timestamp="20210204 15:19:01.180" level="INFO">Clicking element 'name=submit_search'.</msg>
<msg timestamp="20210204 15:19:01.180" level="DEBUG">POST http://127.0.0.1:34735/session/defdf6b179467acfe91c316d236ec1e7/elements {"using": "css selector", "value": "[name=\"submit_search\"]"}</msg>
<msg timestamp="20210204 15:19:01.189" level="DEBUG">http://127.0.0.1:34735 "POST /session/defdf6b179467acfe91c316d236ec1e7/elements HTTP/1.1" 200 90</msg>
<msg timestamp="20210204 15:19:01.189" level="DEBUG">Finished Request</msg>
<msg timestamp="20210204 15:19:01.190" level="DEBUG">POST http://127.0.0.1:34735/session/defdf6b179467acfe91c316d236ec1e7/element/098d9312-4ad1-437a-9b9f-5e28ee1831c8/click {"id": "098d9312-4ad1-437a-9b9f-5e28ee1831c8"}</msg>
<msg timestamp="20210204 15:19:01.234" level="DEBUG">http://127.0.0.1:34735 "POST /session/defdf6b179467acfe91c316d236ec1e7/element/098d9312-4ad1-437a-9b9f-5e28ee1831c8/click HTTP/1.1" 200 14</msg>
<msg timestamp="20210204 15:19:01.235" level="DEBUG">Finished Request</msg>
<msg timestamp="20210204 15:19:01.235" level="TRACE">Return: None</msg>
<status status="PASS" starttime="20210204 15:19:01.180" endtime="20210204 15:19:01.235"></status>
</kw>
<msg timestamp="20210204 15:19:01.236" level="TRACE">Return: None</msg>
<status status="PASS" starttime="20210204 15:19:01.179" endtime="20210204 15:19:01.236"></status>
</kw>
<kw name="Conferir se o produto &quot;Blouse&quot; foi listado no site" library="Resource">
<msg timestamp="20210204 15:19:01.236" level="TRACE">Arguments: [ ${PRODUTO}='Blouse' ]</msg>
<kw name="Wait Until Element Is Visible" library="SeleniumLibrary">
<doc>Waits until the element ``locator`` is visible.</doc>
<arguments>
<arg>css=#center_column</arg>
</arguments>
<msg timestamp="20210204 15:19:01.237" level="TRACE">Arguments: [ 'css=#center_column' ]</msg>
<msg timestamp="20210204 15:19:01.237" level="DEBUG">POST http://127.0.0.1:34735/session/defdf6b179467acfe91c316d236ec1e7/elements {"using": "css selector", "value": "#center_column"}</msg>
<msg timestamp="20210204 15:19:02.807" level="DEBUG">http://127.0.0.1:34735 "POST /session/defdf6b179467acfe91c316d236ec1e7/elements HTTP/1.1" 200 90</msg>
<msg timestamp="20210204 15:19:02.808" level="DEBUG">Finished Request</msg>
<msg timestamp="20210204 15:19:02.808" level="DEBUG">POST http://127.0.0.1:34735/session/defdf6b179467acfe91c316d236ec1e7/execute/sync {"script": "return (function(){return function(){var k=this;function l(a){return void 0!==a}function m(a){return\"string\"==typeof a}function aa(a,b){a=a.split(\".\");var c=k;a[0]in c||!c.execScript||c.execScript(\"var \"+a[0]);for(var d;a.length&amp;&amp;(d=a.shift());)!a.length&amp;&amp;l(b)?c[d]=b:c[d]&amp;&amp;c[d]!==Object.prototype[d]?c=c[d]:c=c[d]={}}\nfunction ba(a){var b=typeof a;if(\"object\"==b)if(a){if(a instanceof Array)return\"array\";if(a instanceof Object)return b;var c=Object.prototype.toString.call(a);if(\"[object Window]\"==c)return\"object\";if(\"[object Array]\"==c||\"number\"==typeof a.length&amp;&amp;\"undefined\"!=typeof a.splice&amp;&amp;\"undefined\"!=typeof a.propertyIsEnumerable&amp;&amp;!a.propertyIsEnumerable(\"splice\"))return\"array\";if(\"[object Function]\"==c||\"undefined\"!=typeof a.call&amp;&amp;\"undefined\"!=typeof a.propertyIsEnumerable&amp;&amp;!a.propertyIsEnumerable(\"call\"))return\"function\"}else return\"null\";\nelse if(\"function\"==b&amp;&amp;\"undefined\"==typeof a.call)return\"object\";return b}function ca(a,b,c){return a.call.apply(a.bind,arguments)}function da(a,b,c){if(!a)throw Error();if(2&lt;arguments.length){var d=Array.prototype.slice.call(arguments,2);return function(){var c=Array.prototype.slice.call(arguments);Array.prototype.unshift.apply(c,d);return a.apply(b,c)}}return function(){return a.apply(b,arguments)}}\nfunction ea(a,b,c){Function.prototype.bind&amp;&amp;-1!=Function.prototype.bind.toString().indexOf(\"native code\")?ea=ca:ea=da;return ea.apply(null,arguments)}function fa(a,b){var c=Array.prototype.slice.call(arguments,1);return function(){var b=c.slice();b.push.apply(b,arguments);return a.apply(this,b)}}\nfunction p(a,b){function c(){}c.prototype=b.prototype;a.L=b.prototype;a.prototype=new c;a.prototype.constructor=a;a.K=function(a,c,f){for(var d=Array(arguments.length-2),e=2;e&lt;arguments.length;e++)d[e-2]=arguments[e];return b.prototype[c].apply(a,d)}};function ga(a,b){this.code=a;this.a=q[a]||ha;this.message=b||\"\";a=this.a.replace(/((?:^|\\s+)[a-z])/g,function(a){return a.toUpperCase().replace(/^[\\s\\xa0]+/g,\"\")});b=a.length-5;if(0&gt;b||a.indexOf(\"Error\",b)!=b)a+=\"Error\";this.name=a;a=Error(this.message);a.name=this.name;this.stack=a.stack||\"\"}p(ga,Error);var ha=\"unknown error\",q={15:\"element not selectable\",11:\"element not visible\"};q[31]=ha;q[30]=ha;q[24]=\"invalid cookie domain\";q[29]=\"invalid element coordinates\";q[12]=\"invalid element state\";\nq[32]=\"invalid selector\";q[51]=\"invalid selector\";q[52]=\"invalid selector\";q[17]=\"javascript error\";q[405]=\"unsupported operation\";q[34]=\"move target out of bounds\";q[27]=\"no such alert\";q[7]=\"no such element\";q[8]=\"no such frame\";q[23]=\"no such window\";q[28]=\"script timeout\";q[33]=\"session not created\";q[10]=\"stale element reference\";q[21]=\"timeout\";q[25]=\"unable to set cookie\";q[26]=\"unexpected alert open\";q[13]=ha;q[9]=\"unknown command\";ga.prototype.toString=function(){return this.name+\": \"+this.message};var ia={aliceblue:\"#f0f8ff\",antiquewhite:\"#faebd7\",aqua:\"#00ffff\",aquamarine:\"#7fffd4\",azure:\"#f0ffff\",beige:\"#f5f5dc\",bisque:\"#ffe4c4\",black:\"#000000\",blanchedalmond:\"#ffebcd\",blue:\"#0000ff\",blueviolet:\"#8a2be2\",brown:\"#a52a2a\",burlywood:\"#deb887\",cadetblue:\"#5f9ea0\",chartreuse:\"#7fff00\",chocolate:\"#d2691e\",coral:\"#ff7f50\",cornflowerblue:\"#6495ed\",cornsilk:\"#fff8dc\",crimson:\"#dc143c\",cyan:\"#00ffff\",darkblue:\"#00008b\",darkcyan:\"#008b8b\",darkgoldenrod:\"#b8860b\",darkgray:\"#a9a9a9\",darkgreen:\"#006400\",\ndarkgrey:\"#a9a9a9\",darkkhaki:\"#bdb76b\",darkmagenta:\"#8b008b\",darkolivegreen:\"#556b2f\",darkorange:\"#ff8c00\",darkorchid:\"#9932cc\",darkred:\"#8b0000\",darksalmon:\"#e9967a\",darkseagreen:\"#8fbc8f\",darkslateblue:\"#483d8b\",darkslategray:\"#2f4f4f\",darkslategrey:\"#2f4f4f\",darkturquoise:\"#00ced1\",darkviolet:\"#9400d3\",deeppink:\"#ff1493\",deepskyblue:\"#00bfff\",dimgray:\"#696969\",dimgrey:\"#696969\",dodgerblue:\"#1e90ff\",firebrick:\"#b22222\",floralwhite:\"#fffaf0\",forestgreen:\"#228b22\",fuchsia:\"#ff00ff\",gainsboro:\"#dcdcdc\",\nghostwhite:\"#f8f8ff\",gold:\"#ffd700\",goldenrod:\"#daa520\",gray:\"#808080\",green:\"#008000\",greenyellow:\"#adff2f\",grey:\"#808080\",honeydew:\"#f0fff0\",hotpink:\"#ff69b4\",indianred:\"#cd5c5c\",indigo:\"#4b0082\",ivory:\"#fffff0\",khaki:\"#f0e68c\",lavender:\"#e6e6fa\",lavenderblush:\"#fff0f5\",lawngreen:\"#7cfc00\",lemonchiffon:\"#fffacd\",lightblue:\"#add8e6\",lightcoral:\"#f08080\",lightcyan:\"#e0ffff\",lightgoldenrodyellow:\"#fafad2\",lightgray:\"#d3d3d3\",lightgreen:\"#90ee90\",lightgrey:\"#d3d3d3\",lightpink:\"#ffb6c1\",lightsalmon:\"#ffa07a\",\nlightseagreen:\"#20b2aa\",lightskyblue:\"#87cefa\",lightslategray:\"#778899\",lightslategrey:\"#778899\",lightsteelblue:\"#b0c4de\",lightyellow:\"#ffffe0\",lime:\"#00ff00\",limegreen:\"#32cd32\",linen:\"#faf0e6\",magenta:\"#ff00ff\",maroon:\"#800000\",mediumaquamarine:\"#66cdaa\",mediumblue:\"#0000cd\",mediumorchid:\"#ba55d3\",mediumpurple:\"#9370db\",mediumseagreen:\"#3cb371\",mediumslateblue:\"#7b68ee\",mediumspringgreen:\"#00fa9a\",mediumturquoise:\"#48d1cc\",mediumvioletred:\"#c71585\",midnightblue:\"#191970\",mintcream:\"#f5fffa\",mistyrose:\"#ffe4e1\",\nmoccasin:\"#ffe4b5\",navajowhite:\"#ffdead\",navy:\"#000080\",oldlace:\"#fdf5e6\",olive:\"#808000\",olivedrab:\"#6b8e23\",orange:\"#ffa500\",orangered:\"#ff4500\",orchid:\"#da70d6\",palegoldenrod:\"#eee8aa\",palegreen:\"#98fb98\",paleturquoise:\"#afeeee\",palevioletred:\"#db7093\",papayawhip:\"#ffefd5\",peachpuff:\"#ffdab9\",peru:\"#cd853f\",pink:\"#ffc0cb\",plum:\"#dda0dd\",powderblue:\"#b0e0e6\",purple:\"#800080\",red:\"#ff0000\",rosybrown:\"#bc8f8f\",royalblue:\"#4169e1\",saddlebrown:\"#8b4513\",salmon:\"#fa8072\",sandybrown:\"#f4a460\",seagreen:\"#2e8b57\",\nseashell:\"#fff5ee\",sienna:\"#a0522d\",silver:\"#c0c0c0\",skyblue:\"#87ceeb\",slateblue:\"#6a5acd\",slategray:\"#708090\",slategrey:\"#708090\",snow:\"#fffafa\",springgreen:\"#00ff7f\",steelblue:\"#4682b4\",tan:\"#d2b48c\",teal:\"#008080\",thistle:\"#d8bfd8\",tomato:\"#ff6347\",turquoise:\"#40e0d0\",violet:\"#ee82ee\",wheat:\"#f5deb3\",white:\"#ffffff\",whitesmoke:\"#f5f5f5\",yellow:\"#ffff00\",yellowgreen:\"#9acd32\"};function ja(a,b){this.width=a;this.height=b}ja.prototype.toString=function(){return\"(\"+this.width+\" x \"+this.height+\")\"};ja.prototype.ceil=function(){this.width=Math.ceil(this.width);this.height=Math.ceil(this.height);return this};ja.prototype.floor=function(){this.width=Math.floor(this.width);this.height=Math.floor(this.height);return this};ja.prototype.round=function(){this.width=Math.round(this.width);this.height=Math.round(this.height);return this};function ka(a,b){var c=la;return Object.prototype.hasOwnProperty.call(c,a)?c[a]:c[a]=b(a)};var ma=String.prototype.trim?function(a){return a.trim()}:function(a){return a.replace(/^[\\s\\xa0]+|[\\s\\xa0]+$/g,\"\")};function na(a,b){return a&lt;b?-1:a&gt;b?1:0}function oa(a){return String(a).replace(/\\-([a-z])/g,function(a,c){return c.toUpperCase()})};/*\n\n The MIT License\n\n Copyright (c) 2007 Cybozu Labs, Inc.\n Copyright (c) 2012 Google Inc.\n\n Permission is hereby granted, free of charge, to any person obtaining a copy\n of this software and associated documentation files (the \"Software\"), to\n deal in the Software without restriction, including without limitation the\n rights to use, copy, modify, merge, publish, distribute, sublicense, and/or\n sell copies of the Software, and to permit persons to whom the Software is\n furnished to do so, subject to the following conditions:\n\n The above copyright notice and this permission notice shall be included in\n all copies or substantial portions of the Software.\n\n THE SOFTWARE IS PROVIDED \"AS IS\", WITHOUT WARRANTY OF ANY KIND, EXPRESS OR\n IMPLIED, INCLUDING BUT NOT LIMITED TO THE WARRANTIES OF MERCHANTABILITY,\n FITNESS FOR A PARTICULAR PURPOSE AND NONINFRINGEMENT. IN NO EVENT SHALL THE\n AUTHORS OR COPYRIGHT HOLDERS BE LIABLE FOR ANY CLAIM, DAMAGES OR OTHER\n LIABILITY, WHETHER IN AN ACTION OF CONTRACT, TORT OR OTHERWISE, ARISING\n FROM, OUT OF OR IN CONNECTION WITH THE SOFTWARE OR THE USE OR OTHER DEALINGS\n IN THE SOFTWARE.\n*/\nfunction pa(a,b,c){this.a=a;this.b=b||1;this.f=c||1};function qa(a){this.b=a;this.a=0}function ra(a){a=a.match(sa);for(var b=0;b&lt;a.length;b++)ta.test(a[b])&amp;&amp;a.splice(b,1);return new qa(a)}var sa=/\\$?(?:(?![0-9-\\.])(?:\\*|[\\w-\\.]+):)?(?![0-9-\\.])(?:\\*|[\\w-\\.]+)|\\/\\/|\\.\\.|::|\\d+(?:\\.\\d*)?|\\.\\d+|\"[^\"]*\"|'[^']*'|[!&lt;&gt;]=|\\s+|./g,ta=/^\\s/;function t(a,b){return a.b[a.a+(b||0)]}function u(a){return a.b[a.a++]}function ua(a){return a.b.length&lt;=a.a};var v;a:{var va=k.navigator;if(va){var wa=va.userAgent;if(wa){v=wa;break a}}v=\"\"}function x(a){return-1!=v.indexOf(a)};function y(a,b){this.h=a;this.c=l(b)?b:null;this.b=null;switch(a){case \"comment\":this.b=8;break;case \"text\":this.b=3;break;case \"processing-instruction\":this.b=7;break;case \"node\":break;default:throw Error(\"Unexpected argument\");}}function xa(a){return\"comment\"==a||\"text\"==a||\"processing-instruction\"==a||\"node\"==a}y.prototype.a=function(a){return null===this.b||this.b==a.nodeType};y.prototype.f=function(){return this.h};\ny.prototype.toString=function(){var a=\"Kind Test: \"+this.h;null===this.c||(a+=z(this.c));return a};function ya(a,b){this.j=a.toLowerCase();a=\"*\"==this.j?\"*\":\"http://www.w3.org/1999/xhtml\";this.c=b?b.toLowerCase():a}ya.prototype.a=function(a){var b=a.nodeType;if(1!=b&amp;&amp;2!=b)return!1;b=l(a.localName)?a.localName:a.nodeName;return\"*\"!=this.j&amp;&amp;this.j!=b.toLowerCase()?!1:\"*\"==this.c?!0:this.c==(a.namespaceURI?a.namespaceURI.toLowerCase():\"http://www.w3.org/1999/xhtml\")};ya.prototype.f=function(){return this.j};\nya.prototype.toString=function(){return\"Name Test: \"+(\"http://www.w3.org/1999/xhtml\"==this.c?\"\":this.c+\":\")+this.j};function za(a){switch(a.nodeType){case 1:return fa(Aa,a);case 9:return za(a.documentElement);case 11:case 10:case 6:case 12:return Ba;default:return a.parentNode?za(a.parentNode):Ba}}function Ba(){return null}function Aa(a,b){if(a.prefix==b)return a.namespaceURI||\"http://www.w3.org/1999/xhtml\";var c=a.getAttributeNode(\"xmlns:\"+b);return c&amp;&amp;c.specified?c.value||null:a.parentNode&amp;&amp;9!=a.parentNode.nodeType?Aa(a.parentNode,b):null};function Ca(a,b){if(m(a))return m(b)&amp;&amp;1==b.length?a.indexOf(b,0):-1;for(var c=0;c&lt;a.length;c++)if(c in a&amp;&amp;a[c]===b)return c;return-1}function A(a,b){for(var c=a.length,d=m(a)?a.split(\"\"):a,e=0;e&lt;c;e++)e in d&amp;&amp;b.call(void 0,d[e],e,a)}function Da(a,b){for(var c=a.length,d=[],e=0,f=m(a)?a.split(\"\"):a,g=0;g&lt;c;g++)if(g in f){var h=f[g];b.call(void 0,h,g,a)&amp;&amp;(d[e++]=h)}return d}function Ea(a,b,c){var d=c;A(a,function(c,f){d=b.call(void 0,d,c,f,a)});return d}\nfunction Fa(a,b){for(var c=a.length,d=m(a)?a.split(\"\"):a,e=0;e&lt;c;e++)if(e in d&amp;&amp;b.call(void 0,d[e],e,a))return!0;return!1}function Ga(a,b){for(var c=a.length,d=m(a)?a.split(\"\"):a,e=0;e&lt;c;e++)if(e in d&amp;&amp;!b.call(void 0,d[e],e,a))return!1;return!0}function Ha(a,b){a:{for(var c=a.length,d=m(a)?a.split(\"\"):a,e=0;e&lt;c;e++)if(e in d&amp;&amp;b.call(void 0,d[e],e,a)){b=e;break a}b=-1}return 0&gt;b?null:m(a)?a.charAt(b):a[b]}function Ia(a){return Array.prototype.concat.apply([],arguments)}\nfunction Ja(a,b,c){return 2&gt;=arguments.length?Array.prototype.slice.call(a,b):Array.prototype.slice.call(a,b,c)};function Ka(){return x(\"iPhone\")&amp;&amp;!x(\"iPod\")&amp;&amp;!x(\"iPad\")};var La=\"backgroundColor borderTopColor borderRightColor borderBottomColor borderLeftColor color outlineColor\".split(\" \"),Ma=/#([0-9a-fA-F])([0-9a-fA-F])([0-9a-fA-F])/,Na=/^#(?:[0-9a-f]{3}){1,2}$/i,Oa=/^(?:rgba)?\\((\\d{1,3}),\\s?(\\d{1,3}),\\s?(\\d{1,3}),\\s?(0|1|0\\.\\d*)\\)$/i,Pa=/^(?:rgb)?\\((0|[1-9]\\d{0,2}),\\s?(0|[1-9]\\d{0,2}),\\s?(0|[1-9]\\d{0,2})\\)$/i;function Qa(){return(x(\"Chrome\")||x(\"CriOS\"))&amp;&amp;!x(\"Edge\")};function Ra(a,b){this.x=l(a)?a:0;this.y=l(b)?b:0}Ra.prototype.toString=function(){return\"(\"+this.x+\", \"+this.y+\")\"};Ra.prototype.ceil=function(){this.x=Math.ceil(this.x);this.y=Math.ceil(this.y);return this};Ra.prototype.floor=function(){this.x=Math.floor(this.x);this.y=Math.floor(this.y);return this};Ra.prototype.round=function(){this.x=Math.round(this.x);this.y=Math.round(this.y);return this};var Sa=x(\"Opera\"),B=x(\"Trident\")||x(\"MSIE\"),Ta=x(\"Edge\"),Ua=x(\"Gecko\")&amp;&amp;!(-1!=v.toLowerCase().indexOf(\"webkit\")&amp;&amp;!x(\"Edge\"))&amp;&amp;!(x(\"Trident\")||x(\"MSIE\"))&amp;&amp;!x(\"Edge\"),Va=-1!=v.toLowerCase().indexOf(\"webkit\")&amp;&amp;!x(\"Edge\");function Wa(){var a=k.document;return a?a.documentMode:void 0}var Xa;\na:{var Ya=\"\",Za=function(){var a=v;if(Ua)return/rv\\:([^\\);]+)(\\)|;)/.exec(a);if(Ta)return/Edge\\/([\\d\\.]+)/.exec(a);if(B)return/\\b(?:MSIE|rv)[: ]([^\\);]+)(\\)|;)/.exec(a);if(Va)return/WebKit\\/(\\S+)/.exec(a);if(Sa)return/(?:Version)[ \\/]?(\\S+)/.exec(a)}();Za&amp;&amp;(Ya=Za?Za[1]:\"\");if(B){var $a=Wa();if(null!=$a&amp;&amp;$a&gt;parseFloat(Ya)){Xa=String($a);break a}}Xa=Ya}var la={};\nfunction ab(a){return ka(a,function(){for(var b=0,c=ma(String(Xa)).split(\".\"),d=ma(String(a)).split(\".\"),e=Math.max(c.length,d.length),f=0;!b&amp;&amp;f&lt;e;f++){var g=c[f]||\"\",h=d[f]||\"\";do{g=/(\\d*)(\\D*)(.*)/.exec(g)||[\"\",\"\",\"\",\"\"];h=/(\\d*)(\\D*)(.*)/.exec(h)||[\"\",\"\",\"\",\"\"];if(0==g[0].length&amp;&amp;0==h[0].length)break;b=na(0==g[1].length?0:parseInt(g[1],10),0==h[1].length?0:parseInt(h[1],10))||na(0==g[2].length,0==h[2].length)||na(g[2],h[2]);g=g[3];h=h[3]}while(!b)}return 0&lt;=b})}var bb;var cb=k.document;\nbb=cb&amp;&amp;B?Wa()||(\"CSS1Compat\"==cb.compatMode?parseInt(Xa,10):5):void 0;function db(a,b,c,d){this.c=a;this.a=b;this.b=c;this.f=d}db.prototype.toString=function(){return\"(\"+this.c+\"t, \"+this.a+\"r, \"+this.b+\"b, \"+this.f+\"l)\"};db.prototype.ceil=function(){this.c=Math.ceil(this.c);this.a=Math.ceil(this.a);this.b=Math.ceil(this.b);this.f=Math.ceil(this.f);return this};db.prototype.floor=function(){this.c=Math.floor(this.c);this.a=Math.floor(this.a);this.b=Math.floor(this.b);this.f=Math.floor(this.f);return this};\ndb.prototype.round=function(){this.c=Math.round(this.c);this.a=Math.round(this.a);this.b=Math.round(this.b);this.f=Math.round(this.f);return this};var eb=x(\"Firefox\"),fb=Ka()||x(\"iPod\"),gb=x(\"iPad\"),hb=x(\"Android\")&amp;&amp;!(Qa()||x(\"Firefox\")||x(\"Opera\")||x(\"Silk\")),ib=Qa(),jb=x(\"Safari\")&amp;&amp;!(Qa()||x(\"Coast\")||x(\"Opera\")||x(\"Edge\")||x(\"Silk\")||x(\"Android\"))&amp;&amp;!(Ka()||x(\"iPad\")||x(\"iPod\"));var D=B&amp;&amp;!(9&lt;=Number(bb)),kb=B&amp;&amp;!(8&lt;=Number(bb));function E(a,b,c,d){this.a=a;this.b=b;this.width=c;this.height=d}E.prototype.toString=function(){return\"(\"+this.a+\", \"+this.b+\" - \"+this.width+\"w x \"+this.height+\"h)\"};E.prototype.ceil=function(){this.a=Math.ceil(this.a);this.b=Math.ceil(this.b);this.width=Math.ceil(this.width);this.height=Math.ceil(this.height);return this};E.prototype.floor=function(){this.a=Math.floor(this.a);this.b=Math.floor(this.b);this.width=Math.floor(this.width);this.height=Math.floor(this.height);return this};\nE.prototype.round=function(){this.a=Math.round(this.a);this.b=Math.round(this.b);this.width=Math.round(this.width);this.height=Math.round(this.height);return this};function lb(a){return(a=a.exec(v))?a[1]:\"\"}(function(){if(eb)return lb(/Firefox\\/([0-9.]+)/);if(B||Ta||Sa)return Xa;if(ib)return Ka()||x(\"iPad\")||x(\"iPod\")?lb(/CriOS\\/([0-9.]+)/):lb(/Chrome\\/([0-9.]+)/);if(jb&amp;&amp;!(Ka()||x(\"iPad\")||x(\"iPod\")))return lb(/Version\\/([0-9.]+)/);if(fb||gb){var a=/Version\\/(\\S+).*Mobile\\/(\\S+)/.exec(v);if(a)return a[1]+\".\"+a[2]}else if(hb)return(a=lb(/Android\\s+([0-9.]+)/))?a:lb(/Version\\/([0-9.]+)/);return\"\"})();function mb(a,b,c,d){this.a=a;this.nodeName=c;this.nodeValue=d;this.nodeType=2;this.parentNode=this.ownerElement=b}function nb(a,b){var c=kb&amp;&amp;\"href\"==b.nodeName?a.getAttribute(b.nodeName,2):b.nodeValue;return new mb(b,a,b.nodeName,c)};var ob,pb=function(){if(!Ua)return!1;var a=k.Components;if(!a)return!1;try{if(!a.classes)return!1}catch(e){return!1}var b=a.classes,a=a.interfaces,c=b[\"@mozilla.org/xpcom/version-comparator;1\"].getService(a.nsIVersionComparator),d=b[\"@mozilla.org/xre/app-info;1\"].getService(a.nsIXULAppInfo).version;ob=function(a){c.compare(d,\"\"+a)};return!0}(),qb=B&amp;&amp;!(9&lt;=Number(bb));hb&amp;&amp;pb&amp;&amp;ob(2.3);hb&amp;&amp;pb&amp;&amp;ob(4);jb&amp;&amp;pb&amp;&amp;ob(6);function rb(a,b){if(!a||!b)return!1;if(a.contains&amp;&amp;1==b.nodeType)return a==b||a.contains(b);if(\"undefined\"!=typeof a.compareDocumentPosition)return a==b||!!(a.compareDocumentPosition(b)&amp;16);for(;b&amp;&amp;a!=b;)b=b.parentNode;return b==a}\nfunction sb(a,b){if(a==b)return 0;if(a.compareDocumentPosition)return a.compareDocumentPosition(b)&amp;2?1:-1;if(B&amp;&amp;!(9&lt;=Number(bb))){if(9==a.nodeType)return-1;if(9==b.nodeType)return 1}if(\"sourceIndex\"in a||a.parentNode&amp;&amp;\"sourceIndex\"in a.parentNode){var c=1==a.nodeType,d=1==b.nodeType;if(c&amp;&amp;d)return a.sourceIndex-b.sourceIndex;var e=a.parentNode,f=b.parentNode;return e==f?tb(a,b):!c&amp;&amp;rb(e,b)?-1*ub(a,b):!d&amp;&amp;rb(f,a)?ub(b,a):(c?a.sourceIndex:e.sourceIndex)-(d?b.sourceIndex:f.sourceIndex)}d=F(a);c=d.createRange();\nc.selectNode(a);c.collapse(!0);a=d.createRange();a.selectNode(b);a.collapse(!0);return c.compareBoundaryPoints(k.Range.START_TO_END,a)}function ub(a,b){var c=a.parentNode;if(c==b)return-1;for(;b.parentNode!=c;)b=b.parentNode;return tb(b,a)}function tb(a,b){for(;b=b.previousSibling;)if(b==a)return-1;return 1}function F(a){return 9==a.nodeType?a:a.ownerDocument||a.document}function vb(a,b){a&amp;&amp;(a=a.parentNode);for(var c=0;a;){if(b(a))return a;a=a.parentNode;c++}return null}\nfunction wb(a){this.a=a||k.document||document}wb.prototype.getElementsByTagName=function(a,b){return(b||this.a).getElementsByTagName(String(a))};function G(a){var b=null,c=a.nodeType;1==c&amp;&amp;(b=a.textContent,b=void 0==b||null==b?a.innerText:b,b=void 0==b||null==b?\"\":b);if(\"string\"!=typeof b)if(D&amp;&amp;\"title\"==a.nodeName.toLowerCase()&amp;&amp;1==c)b=a.text;else if(9==c||1==c){a=9==c?a.documentElement:a.firstChild;for(var c=0,d=[],b=\"\";a;){do 1!=a.nodeType&amp;&amp;(b+=a.nodeValue),D&amp;&amp;\"title\"==a.nodeName.toLowerCase()&amp;&amp;(b+=a.text),d[c++]=a;while(a=a.firstChild);for(;c&amp;&amp;!(a=d[--c].nextSibling););}}else b=a.nodeValue;return\"\"+b}\nfunction H(a,b,c){if(null===b)return!0;try{if(!a.getAttribute)return!1}catch(d){return!1}kb&amp;&amp;\"class\"==b&amp;&amp;(b=\"className\");return null==c?!!a.getAttribute(b):a.getAttribute(b,2)==c}function xb(a,b,c,d,e){return(D?yb:zb).call(null,a,b,m(c)?c:null,m(d)?d:null,e||new I)}\nfunction yb(a,b,c,d,e){if(a instanceof ya||8==a.b||c&amp;&amp;null===a.b){var f=b.all;if(!f)return e;var g=Ab(a);if(\"*\"!=g&amp;&amp;(f=b.getElementsByTagName(g),!f))return e;if(c){var h=[];for(a=0;b=f[a++];)H(b,c,d)&amp;&amp;h.push(b);f=h}for(a=0;b=f[a++];)\"*\"==g&amp;&amp;\"!\"==b.tagName||J(e,b);return e}Bb(a,b,c,d,e);return e}\nfunction zb(a,b,c,d,e){b.getElementsByName&amp;&amp;d&amp;&amp;\"name\"==c&amp;&amp;!B?(b=b.getElementsByName(d),A(b,function(b){a.a(b)&amp;&amp;J(e,b)})):b.getElementsByClassName&amp;&amp;d&amp;&amp;\"class\"==c?(b=b.getElementsByClassName(d),A(b,function(b){b.className==d&amp;&amp;a.a(b)&amp;&amp;J(e,b)})):a instanceof y?Bb(a,b,c,d,e):b.getElementsByTagName&amp;&amp;(b=b.getElementsByTagName(a.f()),A(b,function(a){H(a,c,d)&amp;&amp;J(e,a)}));return e}\nfunction Cb(a,b,c,d,e){var f;if((a instanceof ya||8==a.b||c&amp;&amp;null===a.b)&amp;&amp;(f=b.childNodes)){var g=Ab(a);if(\"*\"!=g&amp;&amp;(f=Da(f,function(a){return a.tagName&amp;&amp;a.tagName.toLowerCase()==g}),!f))return e;c&amp;&amp;(f=Da(f,function(a){return H(a,c,d)}));A(f,function(a){\"*\"==g&amp;&amp;(\"!\"==a.tagName||\"*\"==g&amp;&amp;1!=a.nodeType)||J(e,a)});return e}return Db(a,b,c,d,e)}function Db(a,b,c,d,e){for(b=b.firstChild;b;b=b.nextSibling)H(b,c,d)&amp;&amp;a.a(b)&amp;&amp;J(e,b);return e}\nfunction Bb(a,b,c,d,e){for(b=b.firstChild;b;b=b.nextSibling)H(b,c,d)&amp;&amp;a.a(b)&amp;&amp;J(e,b),Bb(a,b,c,d,e)}function Ab(a){if(a instanceof y){if(8==a.b)return\"!\";if(null===a.b)return\"*\"}return a.f()};function K(a,b){b&amp;&amp;\"string\"!==typeof b&amp;&amp;(b=b.toString());return!!a&amp;&amp;1==a.nodeType&amp;&amp;(!b||a.tagName.toUpperCase()==b)};function I(){this.b=this.a=null;this.l=0}function Eb(a){this.node=a;this.a=this.b=null}function Fb(a,b){if(!a.a)return b;if(!b.a)return a;var c=a.a;b=b.a;for(var d=null,e,f=0;c&amp;&amp;b;){e=c.node;var g=b.node;e==g||e instanceof mb&amp;&amp;g instanceof mb&amp;&amp;e.a==g.a?(e=c,c=c.a,b=b.a):0&lt;sb(c.node,b.node)?(e=b,b=b.a):(e=c,c=c.a);(e.b=d)?d.a=e:a.a=e;d=e;f++}for(e=c||b;e;)e.b=d,d=d.a=e,f++,e=e.a;a.b=d;a.l=f;return a}function Gb(a,b){b=new Eb(b);b.a=a.a;a.b?a.a.b=b:a.a=a.b=b;a.a=b;a.l++}\nfunction J(a,b){b=new Eb(b);b.b=a.b;a.a?a.b.a=b:a.a=a.b=b;a.b=b;a.l++}function Hb(a){return(a=a.a)?a.node:null}function Ib(a){return(a=Hb(a))?G(a):\"\"}function L(a,b){return new Jb(a,!!b)}function Jb(a,b){this.f=a;this.b=(this.s=b)?a.b:a.a;this.a=null}function N(a){var b=a.b;if(b){var c=a.a=b;a.b=a.s?b.b:b.a;return c.node}return null};function O(a){this.i=a;this.b=this.g=!1;this.f=null}function z(a){return\"\\n  \"+a.toString().split(\"\\n\").join(\"\\n  \")}function Kb(a,b){a.g=b}function Lb(a,b){a.b=b}function Q(a,b){a=a.a(b);return a instanceof I?+Ib(a):+a}function R(a,b){a=a.a(b);return a instanceof I?Ib(a):\"\"+a}function Mb(a,b){a=a.a(b);return a instanceof I?!!a.l:!!a};function Nb(a,b,c){O.call(this,a.i);this.c=a;this.h=b;this.o=c;this.g=b.g||c.g;this.b=b.b||c.b;this.c==Ob&amp;&amp;(c.b||c.g||4==c.i||0==c.i||!b.f?b.b||b.g||4==b.i||0==b.i||!c.f||(this.f={name:c.f.name,u:b}):this.f={name:b.f.name,u:c})}p(Nb,O);\nfunction Pb(a,b,c,d,e){b=b.a(d);c=c.a(d);var f;if(b instanceof I&amp;&amp;c instanceof I){b=L(b);for(d=N(b);d;d=N(b))for(e=L(c),f=N(e);f;f=N(e))if(a(G(d),G(f)))return!0;return!1}if(b instanceof I||c instanceof I){b instanceof I?(e=b,d=c):(e=c,d=b);f=L(e);for(var g=typeof d,h=N(f);h;h=N(f)){switch(g){case \"number\":h=+G(h);break;case \"boolean\":h=!!G(h);break;case \"string\":h=G(h);break;default:throw Error(\"Illegal primitive type for comparison.\");}if(e==b&amp;&amp;a(h,d)||e==c&amp;&amp;a(d,h))return!0}return!1}return e?\"boolean\"==\ntypeof b||\"boolean\"==typeof c?a(!!b,!!c):\"number\"==typeof b||\"number\"==typeof c?a(+b,+c):a(b,c):a(+b,+c)}Nb.prototype.a=function(a){return this.c.m(this.h,this.o,a)};Nb.prototype.toString=function(){var a=\"Binary Expression: \"+this.c,a=a+z(this.h);return a+=z(this.o)};function Qb(a,b,c,d){this.I=a;this.D=b;this.i=c;this.m=d}Qb.prototype.toString=function(){return this.I};var Rb={};\nfunction S(a,b,c,d){if(Rb.hasOwnProperty(a))throw Error(\"Binary operator already created: \"+a);a=new Qb(a,b,c,d);return Rb[a.toString()]=a}S(\"div\",6,1,function(a,b,c){return Q(a,c)/Q(b,c)});S(\"mod\",6,1,function(a,b,c){return Q(a,c)%Q(b,c)});S(\"*\",6,1,function(a,b,c){return Q(a,c)*Q(b,c)});S(\"+\",5,1,function(a,b,c){return Q(a,c)+Q(b,c)});S(\"-\",5,1,function(a,b,c){return Q(a,c)-Q(b,c)});S(\"&lt;\",4,2,function(a,b,c){return Pb(function(a,b){return a&lt;b},a,b,c)});\nS(\"&gt;\",4,2,function(a,b,c){return Pb(function(a,b){return a&gt;b},a,b,c)});S(\"&lt;=\",4,2,function(a,b,c){return Pb(function(a,b){return a&lt;=b},a,b,c)});S(\"&gt;=\",4,2,function(a,b,c){return Pb(function(a,b){return a&gt;=b},a,b,c)});var Ob=S(\"=\",3,2,function(a,b,c){return Pb(function(a,b){return a==b},a,b,c,!0)});S(\"!=\",3,2,function(a,b,c){return Pb(function(a,b){return a!=b},a,b,c,!0)});S(\"and\",2,2,function(a,b,c){return Mb(a,c)&amp;&amp;Mb(b,c)});S(\"or\",1,2,function(a,b,c){return Mb(a,c)||Mb(b,c)});function Sb(a,b){if(b.a.length&amp;&amp;4!=a.i)throw Error(\"Primary expression must evaluate to nodeset if filter has predicate(s).\");O.call(this,a.i);this.c=a;this.h=b;this.g=a.g;this.b=a.b}p(Sb,O);Sb.prototype.a=function(a){a=this.c.a(a);return Tb(this.h,a)};Sb.prototype.toString=function(){var a=\"Filter:\"+z(this.c);return a+=z(this.h)};function Ub(a,b){if(b.length&lt;a.C)throw Error(\"Function \"+a.j+\" expects at least\"+a.C+\" arguments, \"+b.length+\" given\");if(null!==a.A&amp;&amp;b.length&gt;a.A)throw Error(\"Function \"+a.j+\" expects at most \"+a.A+\" arguments, \"+b.length+\" given\");a.H&amp;&amp;A(b,function(b,d){if(4!=b.i)throw Error(\"Argument \"+d+\" to function \"+a.j+\" is not of type Nodeset: \"+b);});O.call(this,a.i);this.v=a;this.c=b;Kb(this,a.g||Fa(b,function(a){return a.g}));Lb(this,a.G&amp;&amp;!b.length||a.F&amp;&amp;!!b.length||Fa(b,function(a){return a.b}))}\np(Ub,O);Ub.prototype.a=function(a){return this.v.m.apply(null,Ia(a,this.c))};Ub.prototype.toString=function(){var a=\"Function: \"+this.v;if(this.c.length)var b=Ea(this.c,function(a,b){return a+z(b)},\"Arguments:\"),a=a+z(b);return a};function Vb(a,b,c,d,e,f,g,h,r){this.j=a;this.i=b;this.g=c;this.G=d;this.F=e;this.m=f;this.C=g;this.A=l(h)?h:g;this.H=!!r}Vb.prototype.toString=function(){return this.j};var Wb={};\nfunction T(a,b,c,d,e,f,g,h){if(Wb.hasOwnProperty(a))throw Error(\"Function already created: \"+a+\".\");Wb[a]=new Vb(a,b,c,d,!1,e,f,g,h)}T(\"boolean\",2,!1,!1,function(a,b){return Mb(b,a)},1);T(\"ceiling\",1,!1,!1,function(a,b){return Math.ceil(Q(b,a))},1);T(\"concat\",3,!1,!1,function(a,b){return Ea(Ja(arguments,1),function(b,d){return b+R(d,a)},\"\")},2,null);T(\"contains\",2,!1,!1,function(a,b,c){b=R(b,a);a=R(c,a);return-1!=b.indexOf(a)},2);T(\"count\",1,!1,!1,function(a,b){return b.a(a).l},1,1,!0);\nT(\"false\",2,!1,!1,function(){return!1},0);T(\"floor\",1,!1,!1,function(a,b){return Math.floor(Q(b,a))},1);T(\"id\",4,!1,!1,function(a,b){function c(a){if(D){var b=e.all[a];if(b){if(b.nodeType&amp;&amp;a==b.id)return b;if(b.length)return Ha(b,function(b){return a==b.id})}return null}return e.getElementById(a)}var d=a.a,e=9==d.nodeType?d:d.ownerDocument;a=R(b,a).split(/\\s+/);var f=[];A(a,function(a){a=c(a);!a||0&lt;=Ca(f,a)||f.push(a)});f.sort(sb);var g=new I;A(f,function(a){J(g,a)});return g},1);\nT(\"lang\",2,!1,!1,function(){return!1},1);T(\"last\",1,!0,!1,function(a){if(1!=arguments.length)throw Error(\"Function last expects ()\");return a.f},0);T(\"local-name\",3,!1,!0,function(a,b){return(a=b?Hb(b.a(a)):a.a)?a.localName||a.nodeName.toLowerCase():\"\"},0,1,!0);T(\"name\",3,!1,!0,function(a,b){return(a=b?Hb(b.a(a)):a.a)?a.nodeName.toLowerCase():\"\"},0,1,!0);T(\"namespace-uri\",3,!0,!1,function(){return\"\"},0,1,!0);\nT(\"normalize-space\",3,!1,!0,function(a,b){return(b?R(b,a):G(a.a)).replace(/[\\s\\xa0]+/g,\" \").replace(/^\\s+|\\s+$/g,\"\")},0,1);T(\"not\",2,!1,!1,function(a,b){return!Mb(b,a)},1);T(\"number\",1,!1,!0,function(a,b){return b?Q(b,a):+G(a.a)},0,1);T(\"position\",1,!0,!1,function(a){return a.b},0);T(\"round\",1,!1,!1,function(a,b){return Math.round(Q(b,a))},1);T(\"starts-with\",2,!1,!1,function(a,b,c){b=R(b,a);a=R(c,a);return!b.lastIndexOf(a,0)},2);T(\"string\",3,!1,!0,function(a,b){return b?R(b,a):G(a.a)},0,1);\nT(\"string-length\",1,!1,!0,function(a,b){return(b?R(b,a):G(a.a)).length},0,1);T(\"substring\",3,!1,!1,function(a,b,c,d){c=Q(c,a);if(isNaN(c)||Infinity==c||-Infinity==c)return\"\";d=d?Q(d,a):Infinity;if(isNaN(d)||-Infinity===d)return\"\";c=Math.round(c)-1;var e=Math.max(c,0);a=R(b,a);return Infinity==d?a.substring(e):a.substring(e,c+Math.round(d))},2,3);T(\"substring-after\",3,!1,!1,function(a,b,c){b=R(b,a);a=R(c,a);c=b.indexOf(a);return-1==c?\"\":b.substring(c+a.length)},2);\nT(\"substring-before\",3,!1,!1,function(a,b,c){b=R(b,a);a=R(c,a);a=b.indexOf(a);return-1==a?\"\":b.substring(0,a)},2);T(\"sum\",1,!1,!1,function(a,b){a=L(b.a(a));b=0;for(var c=N(a);c;c=N(a))b+=+G(c);return b},1,1,!0);T(\"translate\",3,!1,!1,function(a,b,c,d){b=R(b,a);c=R(c,a);var e=R(d,a);d={};for(var f=0;f&lt;c.length;f++)a=c.charAt(f),a in d||(d[a]=e.charAt(f));c=\"\";for(f=0;f&lt;b.length;f++)a=b.charAt(f),c+=a in d?d[a]:a;return c},3);T(\"true\",2,!1,!1,function(){return!0},0);function Xb(a){O.call(this,3);this.c=a.substring(1,a.length-1)}p(Xb,O);Xb.prototype.a=function(){return this.c};Xb.prototype.toString=function(){return\"Literal: \"+this.c};function Yb(a){O.call(this,1);this.c=a}p(Yb,O);Yb.prototype.a=function(){return this.c};Yb.prototype.toString=function(){return\"Number: \"+this.c};function Zb(a,b){O.call(this,a.i);this.h=a;this.c=b;this.g=a.g;this.b=a.b;1==this.c.length&amp;&amp;(a=this.c[0],a.w||a.c!=$b||(a=a.o,\"*\"!=a.f()&amp;&amp;(this.f={name:a.f(),u:null})))}p(Zb,O);function ac(){O.call(this,4)}p(ac,O);ac.prototype.a=function(a){var b=new I;a=a.a;9==a.nodeType?J(b,a):J(b,a.ownerDocument);return b};ac.prototype.toString=function(){return\"Root Helper Expression\"};function bc(){O.call(this,4)}p(bc,O);bc.prototype.a=function(a){var b=new I;J(b,a.a);return b};bc.prototype.toString=function(){return\"Context Helper Expression\"};\nfunction cc(a){return\"/\"==a||\"//\"==a}Zb.prototype.a=function(a){var b=this.h.a(a);if(!(b instanceof I))throw Error(\"Filter expression must evaluate to nodeset.\");a=this.c;for(var c=0,d=a.length;c&lt;d&amp;&amp;b.l;c++){var e=a[c],f=L(b,e.c.s);if(e.g||e.c!=dc)if(e.g||e.c!=ec){var g=N(f);for(b=e.a(new pa(g));g=N(f);)g=e.a(new pa(g)),b=Fb(b,g)}else g=N(f),b=e.a(new pa(g));else{for(g=N(f);(b=N(f))&amp;&amp;(!g.contains||g.contains(b))&amp;&amp;b.compareDocumentPosition(g)&amp;8;g=b);b=e.a(new pa(g))}}return b};\nZb.prototype.toString=function(){var a=\"Path Expression:\"+z(this.h);if(this.c.length){var b=Ea(this.c,function(a,b){return a+z(b)},\"Steps:\");a+=z(b)}return a};function fc(a,b){this.a=a;this.s=!!b}\nfunction Tb(a,b,c){for(c=c||0;c&lt;a.a.length;c++)for(var d=a.a[c],e=L(b),f=b.l,g,h=0;g=N(e);h++){var r=a.s?f-h:h+1;g=d.a(new pa(g,r,f));if(\"number\"==typeof g)r=r==g;else if(\"string\"==typeof g||\"boolean\"==typeof g)r=!!g;else if(g instanceof I)r=0&lt;g.l;else throw Error(\"Predicate.evaluate returned an unexpected type.\");if(!r){r=e;g=r.f;var w=r.a;if(!w)throw Error(\"Next must be called at least once before remove.\");var n=w.b,w=w.a;n?n.a=w:g.a=w;w?w.b=n:g.b=n;g.l--;r.a=null}}return b}\nfc.prototype.toString=function(){return Ea(this.a,function(a,b){return a+z(b)},\"Predicates:\")};function gc(a){O.call(this,1);this.c=a;this.g=a.g;this.b=a.b}p(gc,O);gc.prototype.a=function(a){return-Q(this.c,a)};gc.prototype.toString=function(){return\"Unary Expression: -\"+z(this.c)};function hc(a){O.call(this,4);this.c=a;Kb(this,Fa(this.c,function(a){return a.g}));Lb(this,Fa(this.c,function(a){return a.b}))}p(hc,O);hc.prototype.a=function(a){var b=new I;A(this.c,function(c){c=c.a(a);if(!(c instanceof I))throw Error(\"Path expression must evaluate to NodeSet.\");b=Fb(b,c)});return b};hc.prototype.toString=function(){return Ea(this.c,function(a,b){return a+z(b)},\"Union Expression:\")};function U(a,b,c,d){O.call(this,4);this.c=a;this.o=b;this.h=c||new fc([]);this.w=!!d;b=this.h;b=0&lt;b.a.length?b.a[0].f:null;a.J&amp;&amp;b&amp;&amp;(a=b.name,a=D?a.toLowerCase():a,this.f={name:a,u:b.u});a:{a=this.h;for(b=0;b&lt;a.a.length;b++)if(c=a.a[b],c.g||1==c.i||0==c.i){a=!0;break a}a=!1}this.g=a}p(U,O);\nU.prototype.a=function(a){var b=a.a,c=this.f,d=null,e=null,f=0;c&amp;&amp;(d=c.name,e=c.u?R(c.u,a):null,f=1);if(this.w)if(this.g||this.c!=ic)if(b=L((new U(jc,new y(\"node\"))).a(a)),c=N(b))for(a=this.m(c,d,e,f);c=N(b);)a=Fb(a,this.m(c,d,e,f));else a=new I;else a=xb(this.o,b,d,e),a=Tb(this.h,a,f);else a=this.m(a.a,d,e,f);return a};U.prototype.m=function(a,b,c,d){a=this.c.v(this.o,a,b,c);return a=Tb(this.h,a,d)};\nU.prototype.toString=function(){var a=\"Step:\"+z(\"Operator: \"+(this.w?\"//\":\"/\"));this.c.j&amp;&amp;(a+=z(\"Axis: \"+this.c));a+=z(this.o);if(this.h.a.length){var b=Ea(this.h.a,function(a,b){return a+z(b)},\"Predicates:\");a+=z(b)}return a};function kc(a,b,c,d){this.j=a;this.v=b;this.s=c;this.J=d}kc.prototype.toString=function(){return this.j};var lc={};function V(a,b,c,d){if(lc.hasOwnProperty(a))throw Error(\"Axis already created: \"+a);b=new kc(a,b,c,!!d);return lc[a]=b}\nV(\"ancestor\",function(a,b){for(var c=new I;b=b.parentNode;)a.a(b)&amp;&amp;Gb(c,b);return c},!0);V(\"ancestor-or-self\",function(a,b){var c=new I;do a.a(b)&amp;&amp;Gb(c,b);while(b=b.parentNode);return c},!0);\nvar $b=V(\"attribute\",function(a,b){var c=new I,d=a.f();if(\"style\"==d&amp;&amp;D&amp;&amp;b.style)return J(c,new mb(b.style,b,\"style\",b.style.cssText)),c;var e=b.attributes;if(e)if(a instanceof y&amp;&amp;null===a.b||\"*\"==d)for(d=0;a=e[d];d++)D?a.nodeValue&amp;&amp;J(c,nb(b,a)):J(c,a);else(a=e.getNamedItem(d))&amp;&amp;(D?a.nodeValue&amp;&amp;J(c,nb(b,a)):J(c,a));return c},!1),ic=V(\"child\",function(a,b,c,d,e){return(D?Cb:Db).call(null,a,b,m(c)?c:null,m(d)?d:null,e||new I)},!1,!0);V(\"descendant\",xb,!1,!0);\nvar jc=V(\"descendant-or-self\",function(a,b,c,d){var e=new I;H(b,c,d)&amp;&amp;a.a(b)&amp;&amp;J(e,b);return xb(a,b,c,d,e)},!1,!0),dc=V(\"following\",function(a,b,c,d){var e=new I;do for(var f=b;f=f.nextSibling;)H(f,c,d)&amp;&amp;a.a(f)&amp;&amp;J(e,f),e=xb(a,f,c,d,e);while(b=b.parentNode);return e},!1,!0);V(\"following-sibling\",function(a,b){for(var c=new I;b=b.nextSibling;)a.a(b)&amp;&amp;J(c,b);return c},!1);V(\"namespace\",function(){return new I},!1);\nvar mc=V(\"parent\",function(a,b){var c=new I;if(9==b.nodeType)return c;if(2==b.nodeType)return J(c,b.ownerElement),c;b=b.parentNode;a.a(b)&amp;&amp;J(c,b);return c},!1),ec=V(\"preceding\",function(a,b,c,d){var e=new I,f=[];do f.unshift(b);while(b=b.parentNode);for(var g=1,h=f.length;g&lt;h;g++){var r=[];for(b=f[g];b=b.previousSibling;)r.unshift(b);for(var w=0,n=r.length;w&lt;n;w++)b=r[w],H(b,c,d)&amp;&amp;a.a(b)&amp;&amp;J(e,b),e=xb(a,b,c,d,e)}return e},!0,!0);\nV(\"preceding-sibling\",function(a,b){for(var c=new I;b=b.previousSibling;)a.a(b)&amp;&amp;Gb(c,b);return c},!0);var nc=V(\"self\",function(a,b){var c=new I;a.a(b)&amp;&amp;J(c,b);return c},!1);function oc(a,b){this.a=a;this.b=b}function pc(a){for(var b,c=[];;){W(a,\"Missing right hand side of binary expression.\");b=qc(a);var d=u(a.a);if(!d)break;var e=(d=Rb[d]||null)&amp;&amp;d.D;if(!e){a.a.a--;break}for(;c.length&amp;&amp;e&lt;=c[c.length-1].D;)b=new Nb(c.pop(),c.pop(),b);c.push(b,d)}for(;c.length;)b=new Nb(c.pop(),c.pop(),b);return b}function W(a,b){if(ua(a.a))throw Error(b);}function rc(a,b){a=u(a.a);if(a!=b)throw Error(\"Bad token, expected: \"+b+\" got: \"+a);}\nfunction sc(a){a=u(a.a);if(\")\"!=a)throw Error(\"Bad token: \"+a);}function tc(a){a=u(a.a);if(2&gt;a.length)throw Error(\"Unclosed literal string\");return new Xb(a)}\nfunction uc(a){var b=[];if(cc(t(a.a))){var c=u(a.a);var d=t(a.a);if(\"/\"==c&amp;&amp;(ua(a.a)||\".\"!=d&amp;&amp;\"..\"!=d&amp;&amp;\"@\"!=d&amp;&amp;\"*\"!=d&amp;&amp;!/(?![0-9])[\\w]/.test(d)))return new ac;d=new ac;W(a,\"Missing next location step.\");c=vc(a,c);b.push(c)}else{a:{c=t(a.a);d=c.charAt(0);switch(d){case \"$\":throw Error(\"Variable reference not allowed in HTML XPath\");case \"(\":u(a.a);c=pc(a);W(a,'unclosed \"(\"');rc(a,\")\");break;case '\"':case \"'\":c=tc(a);break;default:if(isNaN(+c))if(!xa(c)&amp;&amp;/(?![0-9])[\\w]/.test(d)&amp;&amp;\"(\"==t(a.a,1)){c=u(a.a);\nc=Wb[c]||null;u(a.a);for(d=[];\")\"!=t(a.a);){W(a,\"Missing function argument list.\");d.push(pc(a));if(\",\"!=t(a.a))break;u(a.a)}W(a,\"Unclosed function argument list.\");sc(a);c=new Ub(c,d)}else{c=null;break a}else c=new Yb(+u(a.a))}\"[\"==t(a.a)&amp;&amp;(d=new fc(wc(a)),c=new Sb(c,d))}if(c)if(cc(t(a.a)))d=c;else return c;else c=vc(a,\"/\"),d=new bc,b.push(c)}for(;cc(t(a.a));)c=u(a.a),W(a,\"Missing next location step.\"),c=vc(a,c),b.push(c);return new Zb(d,b)}\nfunction vc(a,b){if(\"/\"!=b&amp;&amp;\"//\"!=b)throw Error('Step op should be \"/\" or \"//\"');if(\".\"==t(a.a)){var c=new U(nc,new y(\"node\"));u(a.a);return c}if(\"..\"==t(a.a))return c=new U(mc,new y(\"node\")),u(a.a),c;if(\"@\"==t(a.a)){var d=$b;u(a.a);W(a,\"Missing attribute name\")}else if(\"::\"==t(a.a,1)){if(!/(?![0-9])[\\w]/.test(t(a.a).charAt(0)))throw Error(\"Bad token: \"+u(a.a));var e=u(a.a);d=lc[e]||null;if(!d)throw Error(\"No axis with name: \"+e);u(a.a);W(a,\"Missing node name\")}else d=ic;e=t(a.a);if(/(?![0-9])[\\w\\*]/.test(e.charAt(0)))if(\"(\"==\nt(a.a,1)){if(!xa(e))throw Error(\"Invalid node type: \"+e);e=u(a.a);if(!xa(e))throw Error(\"Invalid type name: \"+e);rc(a,\"(\");W(a,\"Bad nodetype\");var f=t(a.a).charAt(0),g=null;if('\"'==f||\"'\"==f)g=tc(a);W(a,\"Bad nodetype\");sc(a);e=new y(e,g)}else if(e=u(a.a),f=e.indexOf(\":\"),-1==f)e=new ya(e);else{var g=e.substring(0,f);if(\"*\"==g)var h=\"*\";else if(h=a.b(g),!h)throw Error(\"Namespace prefix not declared: \"+g);e=e.substr(f+1);e=new ya(e,h)}else throw Error(\"Bad token: \"+u(a.a));a=new fc(wc(a),d.s);return c||\nnew U(d,e,a,\"//\"==b)}function wc(a){for(var b=[];\"[\"==t(a.a);){u(a.a);W(a,\"Missing predicate expression.\");var c=pc(a);b.push(c);W(a,\"Unclosed predicate expression.\");rc(a,\"]\")}return b}function qc(a){if(\"-\"==t(a.a))return u(a.a),new gc(qc(a));var b=uc(a);if(\"|\"!=t(a.a))a=b;else{for(b=[b];\"|\"==u(a.a);)W(a,\"Missing next union location path.\"),b.push(uc(a));a.a.a--;a=new hc(b)}return a};function xc(a,b){if(!a.length)throw Error(\"Empty XPath expression.\");a=ra(a);if(ua(a))throw Error(\"Invalid XPath expression.\");b?\"function\"==ba(b)||(b=ea(b.lookupNamespaceURI,b)):b=function(){return null};var c=pc(new oc(a,b));if(!ua(a))throw Error(\"Bad token: \"+u(a));this.evaluate=function(a,b){a=c.a(new pa(a));return new X(a,b)}}\nfunction X(a,b){if(!b)if(a instanceof I)b=4;else if(\"string\"==typeof a)b=2;else if(\"number\"==typeof a)b=1;else if(\"boolean\"==typeof a)b=3;else throw Error(\"Unexpected evaluation result.\");if(2!=b&amp;&amp;1!=b&amp;&amp;3!=b&amp;&amp;!(a instanceof I))throw Error(\"value could not be converted to the specified type\");this.resultType=b;switch(b){case 2:this.stringValue=a instanceof I?Ib(a):\"\"+a;break;case 1:this.numberValue=a instanceof I?+Ib(a):+a;break;case 3:this.booleanValue=a instanceof I?0&lt;a.l:!!a;break;case 4:case 5:case 6:case 7:var c=\nL(a);var d=[];for(var e=N(c);e;e=N(c))d.push(e instanceof mb?e.a:e);this.snapshotLength=a.l;this.invalidIteratorState=!1;break;case 8:case 9:a=Hb(a);this.singleNodeValue=a instanceof mb?a.a:a;break;default:throw Error(\"Unknown XPathResult type.\");}var f=0;this.iterateNext=function(){if(4!=b&amp;&amp;5!=b)throw Error(\"iterateNext called with wrong result type\");return f&gt;=d.length?null:d[f++]};this.snapshotItem=function(a){if(6!=b&amp;&amp;7!=b)throw Error(\"snapshotItem called with wrong result type\");return a&gt;=d.length||\n0&gt;a?null:d[a]}}X.ANY_TYPE=0;X.NUMBER_TYPE=1;X.STRING_TYPE=2;X.BOOLEAN_TYPE=3;X.UNORDERED_NODE_ITERATOR_TYPE=4;X.ORDERED_NODE_ITERATOR_TYPE=5;X.UNORDERED_NODE_SNAPSHOT_TYPE=6;X.ORDERED_NODE_SNAPSHOT_TYPE=7;X.ANY_UNORDERED_NODE_TYPE=8;X.FIRST_ORDERED_NODE_TYPE=9;function yc(a){this.lookupNamespaceURI=za(a)}\nfunction zc(a,b){a=a||k;var c=a.Document&amp;&amp;a.Document.prototype||a.document;if(!c.evaluate||b)a.XPathResult=X,c.evaluate=function(a,b,c,g){return(new xc(a,c)).evaluate(b,g)},c.createExpression=function(a,b){return new xc(a,b)},c.createNSResolver=function(a){return new yc(a)}}aa(\"wgxpath.install\",zc);var Ac=function(){var a={M:\"http://www.w3.org/2000/svg\"};return function(b){return a[b]||null}}();\nfunction Bc(a,b){var c=F(a);if(!c.documentElement)return null;(B||hb)&amp;&amp;zc(c?c.parentWindow||c.defaultView:window);try{var d=c.createNSResolver?c.createNSResolver(c.documentElement):Ac;if(B&amp;&amp;!ab(7))return c.evaluate.call(c,b,a,d,9,null);if(!B||9&lt;=Number(bb)){for(var e={},f=c.getElementsByTagName(\"*\"),g=0;g&lt;f.length;++g){var h=f[g],r=h.namespaceURI;if(r&amp;&amp;!e[r]){var w=h.lookupPrefix(r);if(!w)var n=r.match(\".*/(\\\\w+)/?$\"),w=n?n[1]:\"xhtml\";e[r]=w}}var C={},M;for(M in e)C[e[M]]=M;d=function(a){return C[a]||\nnull}}try{return c.evaluate(b,a,d,9,null)}catch(P){if(\"TypeError\"===P.name)return d=c.createNSResolver?c.createNSResolver(c.documentElement):Ac,c.evaluate(b,a,d,9,null);throw P;}}catch(P){if(!Ua||\"NS_ERROR_ILLEGAL_VALUE\"!=P.name)throw new ga(32,\"Unable to locate an element with the xpath expression \"+b+\" because of the following error:\\n\"+P);}}\nfunction Cc(a,b){var c=function(){var c=Bc(b,a);return c?c.singleNodeValue||null:b.selectSingleNode?(c=F(b),c.setProperty&amp;&amp;c.setProperty(\"SelectionLanguage\",\"XPath\"),b.selectSingleNode(a)):null}();if(null!==c&amp;&amp;(!c||1!=c.nodeType))throw new ga(32,'The result of the xpath expression \"'+a+'\" is: '+c+\". It should be an element.\");return c};var Dc=\"function\"===typeof ShadowRoot;function Ec(a){for(a=a.parentNode;a&amp;&amp;1!=a.nodeType&amp;&amp;9!=a.nodeType&amp;&amp;11!=a.nodeType;)a=a.parentNode;return K(a)?a:null}\nfunction Y(a,b){b=oa(b);if(\"float\"==b||\"cssFloat\"==b||\"styleFloat\"==b)b=qb?\"styleFloat\":\"cssFloat\";a:{var c=b;var d=F(a);if(d.defaultView&amp;&amp;d.defaultView.getComputedStyle&amp;&amp;(d=d.defaultView.getComputedStyle(a,null))){c=d[c]||d.getPropertyValue(c)||\"\";break a}c=\"\"}a=c||Fc(a,b);if(null===a)a=null;else if(0&lt;=Ca(La,b)){b:{var e=a.match(Oa);if(e&amp;&amp;(b=Number(e[1]),c=Number(e[2]),d=Number(e[3]),e=Number(e[4]),0&lt;=b&amp;&amp;255&gt;=b&amp;&amp;0&lt;=c&amp;&amp;255&gt;=c&amp;&amp;0&lt;=d&amp;&amp;255&gt;=d&amp;&amp;0&lt;=e&amp;&amp;1&gt;=e)){b=[b,c,d,e];break b}b=null}if(!b)b:{if(d=a.match(Pa))if(b=\nNumber(d[1]),c=Number(d[2]),d=Number(d[3]),0&lt;=b&amp;&amp;255&gt;=b&amp;&amp;0&lt;=c&amp;&amp;255&gt;=c&amp;&amp;0&lt;=d&amp;&amp;255&gt;=d){b=[b,c,d,1];break b}b=null}if(!b)b:{b=a.toLowerCase();c=ia[b.toLowerCase()];if(!c&amp;&amp;(c=\"#\"==b.charAt(0)?b:\"#\"+b,4==c.length&amp;&amp;(c=c.replace(Ma,\"#$1$1$2$2$3$3\")),!Na.test(c))){b=null;break b}b=[parseInt(c.substr(1,2),16),parseInt(c.substr(3,2),16),parseInt(c.substr(5,2),16),1]}a=b?\"rgba(\"+b.join(\", \")+\")\":a}return a}\nfunction Fc(a,b){var c=a.currentStyle||a.style,d=c[b];!l(d)&amp;&amp;\"function\"==ba(c.getPropertyValue)&amp;&amp;(d=c.getPropertyValue(b));return\"inherit\"!=d?l(d)?d:null:(a=Ec(a))?Fc(a,b):null}\nfunction Gc(a,b,c){function d(a){var b=Hc(a);return 0&lt;b.height&amp;&amp;0&lt;b.width?!0:K(a,\"PATH\")&amp;&amp;(0&lt;b.height||0&lt;b.width)?(a=Y(a,\"stroke-width\"),!!a&amp;&amp;0&lt;parseInt(a,10)):\"hidden\"!=Y(a,\"overflow\")&amp;&amp;Fa(a.childNodes,function(a){return 3==a.nodeType||K(a)&amp;&amp;d(a)})}function e(a){return Ic(a)==Z&amp;&amp;Ga(a.childNodes,function(a){return!K(a)||e(a)||!d(a)})}if(!K(a))throw Error(\"Argument to isShown must be of type Element\");if(K(a,\"BODY\"))return!0;if(K(a,\"OPTION\")||K(a,\"OPTGROUP\"))return a=vb(a,function(a){return K(a,\"SELECT\")}),\n!!a&amp;&amp;Gc(a,!0,c);var f=Jc(a);if(f)return!!f.B&amp;&amp;0&lt;f.rect.width&amp;&amp;0&lt;f.rect.height&amp;&amp;Gc(f.B,b,c);if(K(a,\"INPUT\")&amp;&amp;\"hidden\"==a.type.toLowerCase()||K(a,\"NOSCRIPT\"))return!1;f=Y(a,\"visibility\");return\"collapse\"!=f&amp;&amp;\"hidden\"!=f&amp;&amp;c(a)&amp;&amp;(b||Kc(a))&amp;&amp;d(a)?!e(a):!1}var Z=\"hidden\";\nfunction Ic(a){function b(a){function b(a){return a==g?!0:!Y(a,\"display\").lastIndexOf(\"inline\",0)||\"absolute\"==c&amp;&amp;\"static\"==Y(a,\"position\")?!1:!0}var c=Y(a,\"position\");if(\"fixed\"==c)return w=!0,a==g?null:g;for(a=Ec(a);a&amp;&amp;!b(a);)a=Ec(a);return a}function c(a){var b=a;if(\"visible\"==r)if(a==g&amp;&amp;h)b=h;else if(a==h)return{x:\"visible\",y:\"visible\"};b={x:Y(b,\"overflow-x\"),y:Y(b,\"overflow-y\")};a==g&amp;&amp;(b.x=\"visible\"==b.x?\"auto\":b.x,b.y=\"visible\"==b.y?\"auto\":b.y);return b}function d(a){if(a==g){var b=(new wb(f)).a;\na=b.scrollingElement?b.scrollingElement:Va||\"CSS1Compat\"!=b.compatMode?b.body||b.documentElement:b.documentElement;b=b.parentWindow||b.defaultView;a=B&amp;&amp;ab(\"10\")&amp;&amp;b.pageYOffset!=a.scrollTop?new Ra(a.scrollLeft,a.scrollTop):new Ra(b.pageXOffset||a.scrollLeft,b.pageYOffset||a.scrollTop)}else a=new Ra(a.scrollLeft,a.scrollTop);return a}var e=Lc(a);var f=F(a),g=f.documentElement,h=f.body,r=Y(g,\"overflow\"),w;for(a=b(a);a;a=b(a)){var n=c(a);if(\"visible\"!=n.x||\"visible\"!=n.y){var C=Hc(a);if(!C.width||!C.height)return Z;\nvar M=e.a&lt;C.a,P=e.b&lt;C.b;if(M&amp;&amp;\"hidden\"==n.x||P&amp;&amp;\"hidden\"==n.y)return Z;if(M&amp;&amp;\"visible\"!=n.x||P&amp;&amp;\"visible\"!=n.y){M=d(a);P=e.b&lt;C.b-M.y;if(e.a&lt;C.a-M.x&amp;&amp;\"visible\"!=n.x||P&amp;&amp;\"visible\"!=n.x)return Z;e=Ic(a);return e==Z?Z:\"scroll\"}M=e.f&gt;=C.a+C.width;C=e.c&gt;=C.b+C.height;if(M&amp;&amp;\"hidden\"==n.x||C&amp;&amp;\"hidden\"==n.y)return Z;if(M&amp;&amp;\"visible\"!=n.x||C&amp;&amp;\"visible\"!=n.y){if(w&amp;&amp;(n=d(a),e.f&gt;=g.scrollWidth-n.x||e.a&gt;=g.scrollHeight-n.y))return Z;e=Ic(a);return e==Z?Z:\"scroll\"}}}return\"none\"}\nfunction Hc(a){var b=Jc(a);if(b)return b.rect;if(K(a,\"HTML\"))return a=F(a),a=((a?a.parentWindow||a.defaultView:window)||window).document,a=\"CSS1Compat\"==a.compatMode?a.documentElement:a.body,a=new ja(a.clientWidth,a.clientHeight),new E(0,0,a.width,a.height);try{var c=a.getBoundingClientRect()}catch(d){return new E(0,0,0,0)}b=new E(c.left,c.top,c.right-c.left,c.bottom-c.top);B&amp;&amp;a.ownerDocument.body&amp;&amp;(a=F(a),b.a-=a.documentElement.clientLeft+a.body.clientLeft,b.b-=a.documentElement.clientTop+a.body.clientTop);\nreturn b}function Jc(a){var b=K(a,\"MAP\");if(!b&amp;&amp;!K(a,\"AREA\"))return null;var c=b?a:K(a.parentNode,\"MAP\")?a.parentNode:null,d=null,e=null;c&amp;&amp;c.name&amp;&amp;(d=Cc('/descendant::*[@usemap = \"#'+c.name+'\"]',F(c)))&amp;&amp;(e=Hc(d),b||\"default\"==a.shape.toLowerCase()||(a=Mc(a),b=Math.min(Math.max(a.a,0),e.width),c=Math.min(Math.max(a.b,0),e.height),e=new E(b+e.a,c+e.b,Math.min(a.width,e.width-b),Math.min(a.height,e.height-c))));return{B:d,rect:e||new E(0,0,0,0)}}\nfunction Mc(a){var b=a.shape.toLowerCase();a=a.coords.split(\",\");if(\"rect\"==b&amp;&amp;4==a.length){var b=a[0],c=a[1];return new E(b,c,a[2]-b,a[3]-c)}if(\"circle\"==b&amp;&amp;3==a.length)return b=a[2],new E(a[0]-b,a[1]-b,2*b,2*b);if(\"poly\"==b&amp;&amp;2&lt;a.length){for(var b=a[0],c=a[1],d=b,e=c,f=2;f+1&lt;a.length;f+=2)b=Math.min(b,a[f]),d=Math.max(d,a[f]),c=Math.min(c,a[f+1]),e=Math.max(e,a[f+1]);return new E(b,c,d-b,e-c)}return new E(0,0,0,0)}function Lc(a){a=Hc(a);return new db(a.b,a.a+a.width,a.b+a.height,a.a)}\nfunction Kc(a){if(qb){if(\"relative\"==Y(a,\"position\"))return 1;a=Y(a,\"filter\");return(a=a.match(/^alpha\\(opacity=(\\d*)\\)/)||a.match(/^progid:DXImageTransform.Microsoft.Alpha\\(Opacity=(\\d*)\\)/))?Number(a[1])/100:1}return Nc(a)}function Nc(a){var b=1,c=Y(a,\"opacity\");c&amp;&amp;(b=Number(c));(a=Ec(a))&amp;&amp;(b*=Nc(a));return b};aa(\"_\",function(a,b){function c(a){if(K(a)&amp;&amp;\"none\"==Y(a,\"display\"))return!1;var b;(b=a.parentNode)&amp;&amp;b.shadowRoot&amp;&amp;void 0!==a.assignedSlot?b=a.assignedSlot?a.assignedSlot.parentNode:null:a.getDestinationInsertionPoints&amp;&amp;(a=a.getDestinationInsertionPoints(),0&lt;a.length&amp;&amp;(b=a[a.length-1]));if(Dc&amp;&amp;b instanceof ShadowRoot){if(b.host.shadowRoot!==b)return!1;b=b.host}return!b||9!=b.nodeType&amp;&amp;11!=b.nodeType?b&amp;&amp;c(b):!0}return Gc(a,!!b,c)});; return this._.apply(null,arguments);}.apply({navigator:typeof window!='undefined'?window.navigator:null,document:typeof window!='undefined'?window.document:null}, arguments);}\n).apply(null, arguments);", "args": [{"ELEMENT": "58d666c4-5015-4993-b83f-3e7936a5675f", "element-6066-11e4-a52e-4f735466cecf": "58d666c4-5015-4993-b83f-3e7936a5675f"}]}</msg>
<msg timestamp="20210204 15:19:02.822" level="DEBUG">http://127.0.0.1:34735 "POST /session/defdf6b179467acfe91c316d236ec1e7/execute/sync HTTP/1.1" 200 14</msg>
<msg timestamp="20210204 15:19:02.822" level="DEBUG">Finished Request</msg>
<msg timestamp="20210204 15:19:02.823" level="TRACE">Return: None</msg>
<status status="PASS" starttime="20210204 15:19:01.236" endtime="20210204 15:19:02.823"></status>
</kw>
<kw name="Title Should Be" library="SeleniumLibrary">
<doc>Verifies that the current page title equals ``title``.</doc>
<arguments>
<arg>Search - My Store</arg>
</arguments>
<msg timestamp="20210204 15:19:02.823" level="TRACE">Arguments: [ 'Search - My Store' ]</msg>
<msg timestamp="20210204 15:19:02.823" level="DEBUG">GET http://127.0.0.1:34735/session/defdf6b179467acfe91c316d236ec1e7/title {}</msg>
<msg timestamp="20210204 15:19:02.827" level="DEBUG">http://127.0.0.1:34735 "GET /session/defdf6b179467acfe91c316d236ec1e7/title HTTP/1.1" 200 29</msg>
<msg timestamp="20210204 15:19:02.827" level="DEBUG">Finished Request</msg>
<msg timestamp="20210204 15:19:02.827" level="INFO">Page title is 'Search - My Store'.</msg>
<msg timestamp="20210204 15:19:02.828" level="TRACE">Return: None</msg>
<status status="PASS" starttime="20210204 15:19:02.823" endtime="20210204 15:19:02.828"></status>
</kw>
<kw name="Page Should Contain Image" library="SeleniumLibrary">
<doc>Verifies image identified by ``locator`` is found from current page.</doc>
<arguments>
<arg>xpath=//*[@id="center_column"]//*[@src='http://automationpractice.com/img/p/7/7-large_default.jpg']</arg>
</arguments>
<msg timestamp="20210204 15:19:02.828" level="TRACE">Arguments: [ 'xpath=//*[@id="center_column"]//*[@src=\'http://automationpractice.com/img/p/7/7-large_default.jpg\']' ]</msg>
<msg timestamp="20210204 15:19:02.828" level="DEBUG">POST http://127.0.0.1:34735/session/defdf6b179467acfe91c316d236ec1e7/elements {"using": "xpath", "value": "//*[@id=\"center_column\"]//*[@src='http://automationpractice.com/img/p/7/7-large_default.jpg']"}</msg>
<msg timestamp="20210204 15:19:02.838" level="DEBUG">http://127.0.0.1:34735 "POST /session/defdf6b179467acfe91c316d236ec1e7/elements HTTP/1.1" 200 12</msg>
<msg timestamp="20210204 15:19:02.839" level="DEBUG">Finished Request</msg>
<msg timestamp="20210204 15:19:02.839" level="DEBUG">GET http://127.0.0.1:34735/session/defdf6b179467acfe91c316d236ec1e7/source {}</msg>
<msg timestamp="20210204 15:19:02.847" level="DEBUG">http://127.0.0.1:34735 "GET /session/defdf6b179467acfe91c316d236ec1e7/source HTTP/1.1" 200 63179</msg>
<msg timestamp="20210204 15:19:02.848" level="DEBUG">Finished Request</msg>
<msg timestamp="20210204 15:19:02.848" level="TRACE">&lt;html lang="en" class=""&gt;&lt;head&gt;
		&lt;meta charset="utf-8"&gt;
		&lt;title&gt;Search - My Store&lt;/title&gt;
		&lt;meta name="generator" content="PrestaShop"&gt;
		&lt;meta name="robots" content="index,follow"&gt;
		&lt;meta name="viewport" content="width=device-width, minimum-scale=0.25, maximum-scale=1.6, initial-scale=1.0"&gt; 
		&lt;meta name="apple-mobile-web-app-capable" content="yes"&gt; 
		&lt;link rel="icon" type="image/vnd.microsoft.icon" href="/img/favicon.ico?1461205423"&gt;
		&lt;link rel="shortcut icon" type="image/x-icon" href="/img/favicon.ico?1461205423"&gt;
			&lt;link rel="stylesheet" href="/themes/default-bootstrap/css/global.css" type="text/css" media="all"&gt;
			&lt;link rel="stylesheet" href="/themes/default-bootstrap/css/autoload/highdpi.css" type="text/css" media="all"&gt;
			&lt;link rel="stylesheet" href="/themes/default-bootstrap/css/autoload/responsive-tables.css" type="text/css" media="all"&gt;
			&lt;link rel="stylesheet" href="/themes/default-bootstrap/css/autoload/uniform.default.css" type="text/css" media="all"&gt;
			&lt;link rel="stylesheet" href="/js/jquery/plugins/fancybox/jquery.fancybox.css" type="text/css" media="all"&gt;
			&lt;link rel="stylesheet" href="/themes/default-bootstrap/css/product_list.css" type="text/css" media="all"&gt;
			&lt;link rel="stylesheet" href="/themes/default-bootstrap/css/modules/blockbanner/blockbanner.css" type="text/css" media="all"&gt;
			&lt;link rel="stylesheet" href="/themes/default-bootstrap/css/modules/blockcart/blockcart.css" type="text/css" media="all"&gt;
			&lt;link rel="stylesheet" href="/themes/default-bootstrap/css/modules/blockcategories/blockcategories.css" type="text/css" media="all"&gt;
			&lt;link rel="stylesheet" href="/themes/default-bootstrap/css/modules/blockcurrencies/blockcurrencies.css" type="text/css" media="all"&gt;
			&lt;link rel="stylesheet" href="/themes/default-bootstrap/css/modules/blocklanguages/blocklanguages.css" type="text/css" media="all"&gt;
			&lt;link rel="stylesheet" href="/themes/default-bootstrap/css/modules/blockcontact/blockcontact.css" type="text/css" media="all"&gt;
			&lt;link rel="stylesheet" href="/themes/default-bootstrap/css/modules/blocknewsletter/blocknewsletter.css" type="text/css" media="all"&gt;
			&lt;link rel="stylesheet" href="/js/jquery/plugins/autocomplete/jquery.autocomplete.css" type="text/css" media="all"&gt;
			&lt;link rel="stylesheet" href="/themes/default-bootstrap/css/modules/blocksearch/blocksearch.css" type="text/css" media="all"&gt;
			&lt;link rel="stylesheet" href="/themes/default-bootstrap/css/modules/blocktags/blocktags.css" type="text/css" media="all"&gt;
			&lt;link rel="stylesheet" href="/themes/default-bootstrap/css/modules/blockuserinfo/blockuserinfo.css" type="text/css" media="all"&gt;
			&lt;link rel="stylesheet" href="/themes/default-bootstrap/css/modules/blockviewed/blockviewed.css" type="text/css" media="all"&gt;
			&lt;link rel="stylesheet" href="/modules/themeconfigurator/css/hooks.css" type="text/css" media="all"&gt;
			&lt;link rel="stylesheet" href="/themes/default-bootstrap/css/modules/blockwishlist/blockwishlist.css" type="text/css" media="all"&gt;
			&lt;link rel="stylesheet" href="/themes/default-bootstrap/css/modules/productcomments/productcomments.css" type="text/css" media="all"&gt;
			&lt;link rel="stylesheet" href="/themes/default-bootstrap/css/modules/blocktopmenu/css/blocktopmenu.css" type="text/css" media="all"&gt;
			&lt;link rel="stylesheet" href="/themes/default-bootstrap/css/modules/blocktopmenu/css/superfish-modified.css" type="text/css" media="all"&gt;
		&lt;script type="text/javascript"&gt;
var CUSTOMIZE_TEXTFIELD = 1;
var FancyboxI18nClose = 'Close';
var FancyboxI18nNext = 'Next';
var FancyboxI18nPrev = 'Previous';
var added_to_wishlist = 'Added to your wishlist.';
var ajax_allowed = true;
var ajaxsearch = true;
var baseDir = 'http://automationpractice.com/';
var baseUri = 'http://automationpractice.com/index.php';
var blocksearch_type = 'top';
var comparator_max_item = '3';
var comparedProductsIds = [];
var contentOnly = false;
var customizationIdMessage = 'Customization #';
var delete_txt = 'Delete';
var displayList = false;
var freeProductTranslation = 'Free!';
var freeShippingTranslation = 'Free shipping!';
var generated_date = 1612466342;
var id_lang = 1;
var img_dir = 'http://automationpractice.com/themes/default-bootstrap/img/';
var instantsearch = false;
var isGuest = 0;
var isLogged = 0;
var loggin_required = 'You must be logged in to manage your wishlist.';
var max_item = 'You cannot add more than 3 product(s) to the product comparison';
var min_item = 'Please select at least one product';
var mywishlist_url = 'http://automationpractice.com/index.php?fc=module&amp;module=blockwishlist&amp;controller=mywishlist';
var page_name = 'search';
var placeholder_blocknewsletter = 'Enter your e-mail';
var priceDisplayMethod = 1;
var priceDisplayPrecision = 2;
var quickView = true;
var removingLinkText = 'remove this product from my cart';
var request = 'http://automationpractice.com/index.php?controller=search&amp;search_query=Blouse&amp;submit_search=';
var roundMode = 2;
var search_url = 'http://automationpractice.com/index.php?controller=search';
var static_token = 'e817bb0705dd58da8db074c69f729fd8';
var token = 'ce65cefcbafad255f0866d3b32d32058';
var usingSecureMode = false;
var wishlistProductsIds = false;
&lt;/script&gt;

		&lt;script type="text/javascript" src="/js/jquery/jquery-1.11.0.min.js"&gt;&lt;/script&gt;
		&lt;script type="text/javascript" src="/js/jquery/jquery-migrate-1.2.1.min.js"&gt;&lt;/script&gt;
		&lt;script type="text/javascript" src="/js/jquery/plugins/jquery.easing.js"&gt;&lt;/script&gt;
		&lt;script type="text/javascript" src="/js/tools.js"&gt;&lt;/script&gt;
		&lt;script type="text/javascript" src="/themes/default-bootstrap/js/global.js"&gt;&lt;/script&gt;
		&lt;script type="text/javascript" src="/themes/default-bootstrap/js/autoload/10-bootstrap.min.js"&gt;&lt;/script&gt;
		&lt;script type="text/javascript" src="/themes/default-bootstrap/js/autoload/15-jquery.total-storage.min.js"&gt;&lt;/script&gt;
		&lt;script type="text/javascript" src="/themes/default-bootstrap/js/autoload/15-jquery.uniform-modified.js"&gt;&lt;/script&gt;
		&lt;script type="text/javascript" src="/js/jquery/plugins/fancybox/jquery.fancybox.js"&gt;&lt;/script&gt;
		&lt;script type="text/javascript" src="/themes/default-bootstrap/js/products-comparison.js"&gt;&lt;/script&gt;
		&lt;script type="text/javascript" src="/themes/default-bootstrap/js/modules/blockcart/ajax-cart.js"&gt;&lt;/script&gt;
		&lt;script type="text/javascript" src="/js/jquery/plugins/jquery.scrollTo.js"&gt;&lt;/script&gt;
		&lt;script type="text/javascript" src="/js/jquery/plugins/jquery.serialScroll.js"&gt;&lt;/script&gt;
		&lt;script type="text/javascript" src="/js/jquery/plugins/bxslider/jquery.bxslider.js"&gt;&lt;/script&gt;
		&lt;script type="text/javascript" src="/themes/default-bootstrap/js/tools/treeManagement.js"&gt;&lt;/script&gt;
		&lt;script type="text/javascript" src="/themes/default-bootstrap/js/modules/blocknewsletter/blocknewsletter.js"&gt;&lt;/script&gt;
		&lt;script type="text/javascript" src="/js/jquery/plugins/autocomplete/jquery.autocomplete.js"&gt;&lt;/script&gt;
		&lt;script type="text/javascript" src="/themes/default-bootstrap/js/modules/blocksearch/blocksearch.js"&gt;&lt;/script&gt;
		&lt;script type="text/javascript" src="/themes/default-bootstrap/js/modules/blockwishlist/js/ajax-wishlist.js"&gt;&lt;/script&gt;
		&lt;script type="text/javascript" src="/themes/default-bootstrap/js/modules/blocktopmenu/js/hoverIntent.js"&gt;&lt;/script&gt;
		&lt;script type="text/javascript" src="/themes/default-bootstrap/js/modules/blocktopmenu/js/superfish-modified.js"&gt;&lt;/script&gt;
		&lt;script type="text/javascript" src="/themes/default-bootstrap/js/modules/blocktopmenu/js/blocktopmenu.js"&gt;&lt;/script&gt;
			
		&lt;link rel="stylesheet" href="http://fonts.googleapis.com/css?family=Open+Sans:300,600&amp;amp;subset=latin,latin-ext" type="text/css" media="all"&gt;
		&lt;!--[if IE 8]&gt;
		&lt;script src="https://oss.maxcdn.com/libs/html5shiv/3.7.0/html5shiv.js"&gt;&lt;/script&gt;
		&lt;script src="https://oss.maxcdn.com/libs/respond.js/1.3.0/respond.min.js"&gt;&lt;/script&gt;
		&lt;![endif]--&gt;
	&lt;style type="text/css"&gt;.fancybox-margin{margin-right:15px;}&lt;/style&gt;&lt;/head&gt;
	&lt;body id="search" class="search hide-right-column lang_en" style=""&gt;
					&lt;div id="page"&gt;
			&lt;div class="header-container"&gt;
				&lt;header id="header"&gt;
					&lt;div class="banner"&gt;
						&lt;div class="container"&gt;
							&lt;div class="row"&gt;
								&lt;a href="" title=""&gt;
	&lt;img class="img-responsive" src="http://automationpractice.com/modules/blockbanner/img/sale70.png" alt="" title="" width="1170" height="65"&gt;
&lt;/a&gt;

							&lt;/div&gt;
						&lt;/div&gt;
					&lt;/div&gt;
					&lt;div class="nav"&gt;
						&lt;div class="container"&gt;
							&lt;div class="row"&gt;
								&lt;nav&gt;&lt;!-- Block user information module NAV  --&gt;
&lt;div class="header_user_info"&gt;
			&lt;a class="login" href="http://automationpractice.com/index.php?controller=my-account" rel="nofollow" title="Log in to your customer account"&gt;
			Sign in
		&lt;/a&gt;
	&lt;/div&gt;
&lt;!-- /Block usmodule NAV --&gt;
&lt;!-- Block languages module --&gt;
&lt;!-- /Block languages module --&gt;
&lt;div id="contact-link"&gt;
	&lt;a href="http://automationpractice.com/index.php?controller=contact" title="Contact Us"&gt;Contact us&lt;/a&gt;
&lt;/div&gt;
	&lt;span class="shop-phone"&gt;
		&lt;i class="icon-phone"&gt;&lt;/i&gt;Call us now: &lt;strong&gt;0123-456-789&lt;/strong&gt;
	&lt;/span&gt;
&lt;/nav&gt;
							&lt;/div&gt;
						&lt;/div&gt;
					&lt;/div&gt;
					&lt;div&gt;
						&lt;div class="container"&gt;
							&lt;div class="row"&gt;
								&lt;div id="header_logo"&gt;
									&lt;a href="http://automationpractice.com/" title="My Store"&gt;
										&lt;img class="logo img-responsive" src="http://automationpractice.com/img/logo.jpg" alt="My Store" width="350" height="99"&gt;
									&lt;/a&gt;
								&lt;/div&gt;
								&lt;!-- Block search module TOP --&gt;
&lt;div id="search_block_top" class="col-sm-4 clearfix"&gt;
	&lt;form id="searchbox" method="get" action="http://automationpractice.com/index.php?controller=search"&gt;
		&lt;input type="hidden" name="controller" value="search"&gt;
		&lt;input type="hidden" name="orderby" value="position"&gt;
		&lt;input type="hidden" name="orderway" value="desc"&gt;
		&lt;input class="search_query form-control ac_input" type="text" id="search_query_top" name="search_query" placeholder="Search" value="Blouse" autocomplete="off"&gt;
		&lt;button type="submit" name="submit_search" class="btn btn-default button-search"&gt;
			&lt;span&gt;Search&lt;/span&gt;
		&lt;/button&gt;
	&lt;/form&gt;
&lt;/div&gt;
&lt;!-- /Block search module TOP --&gt;&lt;!-- MODULE Block cart --&gt;
&lt;div class="col-sm-4 clearfix"&gt;
	&lt;div class="shopping_cart"&gt;
		&lt;a href="http://automationpractice.com/index.php?controller=order" title="View my shopping cart" rel="nofollow"&gt;
			&lt;b&gt;Cart&lt;/b&gt;
			&lt;span class="ajax_cart_quantity unvisible"&gt;0&lt;/span&gt;
			&lt;span class="ajax_cart_product_txt unvisible"&gt;Product&lt;/span&gt;
			&lt;span class="ajax_cart_product_txt_s unvisible"&gt;Products&lt;/span&gt;
			&lt;span class="ajax_cart_total unvisible"&gt;
							&lt;/span&gt;
			&lt;span class="ajax_cart_no_product"&gt;(empty)&lt;/span&gt;
					&lt;/a&gt;
					&lt;div class="cart_block block exclusive"&gt;
				&lt;div class="block_content"&gt;
					&lt;!-- block list of products --&gt;
					&lt;div class="cart_block_list"&gt;
												&lt;p class="cart_block_no_products"&gt;
							No products
						&lt;/p&gt;
												&lt;div class="cart-prices"&gt;
							&lt;div class="cart-prices-line first-line"&gt;
								&lt;span class="price cart_block_shipping_cost ajax_cart_shipping_cost"&gt;
																			Free shipping!
																	&lt;/span&gt;
								&lt;span&gt;
									Shipping
								&lt;/span&gt;
							&lt;/div&gt;
																					&lt;div class="cart-prices-line last-line"&gt;
								&lt;span class="price cart_block_total ajax_block_cart_total"&gt;$0.00&lt;/span&gt;
								&lt;span&gt;Total&lt;/span&gt;
							&lt;/div&gt;
													&lt;/div&gt;
						&lt;p class="cart-buttons"&gt;
							&lt;a id="button_order_cart" class="btn btn-default button button-small" href="http://automationpractice.com/index.php?controller=order" title="Check out" rel="nofollow"&gt;
								&lt;span&gt;
									Check out&lt;i class="icon-chevron-right right"&gt;&lt;/i&gt;
								&lt;/span&gt;
							&lt;/a&gt;
						&lt;/p&gt;
					&lt;/div&gt;
				&lt;/div&gt;
			&lt;/div&gt;&lt;!-- .cart_block --&gt;
			&lt;/div&gt;
&lt;/div&gt;

	&lt;div id="layer_cart"&gt;
		&lt;div class="clearfix"&gt;
			&lt;div class="layer_cart_product col-xs-12 col-md-6"&gt;
				&lt;span class="cross" title="Close window"&gt;&lt;/span&gt;
				&lt;h2&gt;
					&lt;i class="icon-ok"&gt;&lt;/i&gt;Product successfully added to your shopping cart
				&lt;/h2&gt;
				&lt;div class="product-image-container layer_cart_img"&gt;
				&lt;/div&gt;
				&lt;div class="layer_cart_product_info"&gt;
					&lt;span id="layer_cart_product_title" class="product-name"&gt;&lt;/span&gt;
					&lt;span id="layer_cart_product_attributes"&gt;&lt;/span&gt;
					&lt;div&gt;
						&lt;strong class="dark"&gt;Quantity&lt;/strong&gt;
						&lt;span id="layer_cart_product_quantity"&gt;&lt;/span&gt;
					&lt;/div&gt;
					&lt;div&gt;
						&lt;strong class="dark"&gt;Total&lt;/strong&gt;
						&lt;span id="layer_cart_product_price"&gt;&lt;/span&gt;
					&lt;/div&gt;
				&lt;/div&gt;
			&lt;/div&gt;
			&lt;div class="layer_cart_cart col-xs-12 col-md-6"&gt;
				&lt;h2&gt;
					&lt;!-- Plural Case [both cases are needed because page may be updated in Javascript] --&gt;
					&lt;span class="ajax_cart_product_txt_s  unvisible"&gt;
						There are &lt;span class="ajax_cart_quantity"&gt;0&lt;/span&gt; items in your cart.
					&lt;/span&gt;
					&lt;!-- Singular Case [both cases are needed because page may be updated in Javascript] --&gt;
					&lt;span class="ajax_cart_product_txt "&gt;
						There is 1 item in your cart.
					&lt;/span&gt;
				&lt;/h2&gt;
	
				&lt;div class="layer_cart_row"&gt;
					&lt;strong class="dark"&gt;
						Total products
											&lt;/strong&gt;
					&lt;span class="ajax_block_products_total"&gt;
											&lt;/span&gt;
				&lt;/div&gt;
	
								&lt;div class="layer_cart_row"&gt;
					&lt;strong class="dark"&gt;
						Total shipping&amp;nbsp;					&lt;/strong&gt;
					&lt;span class="ajax_cart_shipping_cost"&gt;
													Free shipping!
											&lt;/span&gt;
				&lt;/div&gt;
								&lt;div class="layer_cart_row"&gt;	
					&lt;strong class="dark"&gt;
						Total
											&lt;/strong&gt;
					&lt;span class="ajax_block_cart_total"&gt;
											&lt;/span&gt;
				&lt;/div&gt;
				&lt;div class="button-container"&gt;	
					&lt;span class="continue btn btn-default button exclusive-medium" title="Continue shopping"&gt;
						&lt;span&gt;
							&lt;i class="icon-chevron-left left"&gt;&lt;/i&gt;Continue shopping
						&lt;/span&gt;
					&lt;/span&gt;
					&lt;a class="btn btn-default button button-medium" href="http://automationpractice.com/index.php?controller=order" title="Proceed to checkout" rel="nofollow"&gt;
						&lt;span&gt;
							Proceed to checkout&lt;i class="icon-chevron-right right"&gt;&lt;/i&gt;
						&lt;/span&gt;
					&lt;/a&gt;	
				&lt;/div&gt;
			&lt;/div&gt;
		&lt;/div&gt;
		&lt;div class="crossseling"&gt;&lt;/div&gt;
	&lt;/div&gt; &lt;!-- #layer_cart --&gt;
	&lt;div class="layer_cart_overlay"&gt;&lt;/div&gt;

&lt;!-- /MODULE Block cart --&gt;	&lt;!-- Menu --&gt;
	&lt;div id="block_top_menu" class="sf-contener clearfix col-lg-12"&gt;
		&lt;div class="cat-title"&gt;Categories&lt;/div&gt;
		&lt;ul class="sf-menu clearfix menu-content sf-js-enabled sf-arrows"&gt;
			&lt;li&gt;&lt;a href="http://automationpractice.com/index.php?id_category=3&amp;amp;controller=category" title="Women" class="sf-with-ul"&gt;Women&lt;/a&gt;&lt;ul class="submenu-container clearfix first-in-line-xs" style="display: none;"&gt;&lt;li&gt;&lt;a href="http://automationpractice.com/index.php?id_category=4&amp;amp;controller=category" title="Tops" class="sf-with-ul"&gt;Tops&lt;/a&gt;&lt;ul style="display: none;"&gt;&lt;li&gt;&lt;a href="http://automationpractice.com/index.php?id_category=5&amp;amp;controller=category" title="T-shirts"&gt;T-shirts&lt;/a&gt;&lt;/li&gt;&lt;li&gt;&lt;a href="http://automationpractice.com/index.php?id_category=7&amp;amp;controller=category" title="Blouses"&gt;Blouses&lt;/a&gt;&lt;/li&gt;&lt;/ul&gt;&lt;/li&gt;&lt;li&gt;&lt;a href="http://automationpractice.com/index.php?id_category=8&amp;amp;controller=category" title="Dresses" class="sf-with-ul"&gt;Dresses&lt;/a&gt;&lt;ul style="display: none;"&gt;&lt;li&gt;&lt;a href="http://automationpractice.com/index.php?id_category=9&amp;amp;controller=category" title="Casual Dresses"&gt;Casual Dresses&lt;/a&gt;&lt;/li&gt;&lt;li&gt;&lt;a href="http://automationpractice.com/index.php?id_category=10&amp;amp;controller=category" title="Evening Dresses"&gt;Evening Dresses&lt;/a&gt;&lt;/li&gt;&lt;li&gt;&lt;a href="http://automationpractice.com/index.php?id_category=11&amp;amp;controller=category" title="Summer Dresses"&gt;Summer Dresses&lt;/a&gt;&lt;/li&gt;&lt;/ul&gt;&lt;/li&gt;&lt;li id="category-thumbnail"&gt;&lt;div&gt;&lt;img src="http://automationpractice.com/img/c/3-0_thumb.jpg" alt="Women" title="Women" class="imgm"&gt;&lt;/div&gt;&lt;div&gt;&lt;img src="http://automationpractice.com/img/c/3-1_thumb.jpg" alt="Women" title="Women" class="imgm"&gt;&lt;/div&gt;&lt;/li&gt;&lt;/ul&gt;&lt;/li&gt;&lt;li&gt;&lt;a href="http://automationpractice.com/index.php?id_category=8&amp;amp;controller=category" title="Dresses" class="sf-with-ul"&gt;Dresses&lt;/a&gt;&lt;ul class="submenu-container clearfix first-in-line-xs" style="display: none;"&gt;&lt;li&gt;&lt;a href="http://automationpractice.com/index.php?id_category=9&amp;amp;controller=category" title="Casual Dresses"&gt;Casual Dresses&lt;/a&gt;&lt;/li&gt;&lt;li&gt;&lt;a href="http://automationpractice.com/index.php?id_category=10&amp;amp;controller=category" title="Evening Dresses"&gt;Evening Dresses&lt;/a&gt;&lt;/li&gt;&lt;li&gt;&lt;a href="http://automationpractice.com/index.php?id_category=11&amp;amp;controller=category" title="Summer Dresses"&gt;Summer Dresses&lt;/a&gt;&lt;/li&gt;&lt;/ul&gt;&lt;/li&gt;&lt;li&gt;&lt;a href="http://automationpractice.com/index.php?id_category=5&amp;amp;controller=category" title="T-shirts"&gt;T-shirts&lt;/a&gt;&lt;/li&gt;
					&lt;/ul&gt;
	&lt;/div&gt;
	&lt;!--/ Menu --&gt;
							&lt;/div&gt;
						&lt;/div&gt;
					&lt;/div&gt;
				&lt;/header&gt;
			&lt;/div&gt;
[...]
			&lt;div class="product-container" itemscope="" itemtype="http://schema.org/Product"&gt;
				&lt;div class="left-block"&gt;
					&lt;div class="product-image-container"&gt;
						&lt;a class="product_img_link" href="http://automationpractice.com/index.php?id_product=2&amp;amp;controller=product&amp;amp;search_query=Blouse&amp;amp;results=1" title="Blouse" itemprop="url"&gt;
							&lt;img class="replace-2x img-responsive" src="http://automationpractice.com/img/p/7/7-home_default.jpg" alt="Blouse" title="Blouse" width="250" height="250" itemprop="image"&gt;
						&lt;/a&gt;
													&lt;div class="quick-view-wrapper-mobile"&gt;
							&lt;a class="quick-view-mobile" href="http://automationpractice.com/index.php?id_product=2&amp;amp;controller=product&amp;amp;search_query=Blouse&amp;amp;results=1" rel="http://automationpractice.com/index.php?id_product=2&amp;amp;controller=product&amp;amp;search_query=Blouse&amp;amp;results=1"&gt;
								&lt;i class="icon-eye-open"&gt;&lt;/i&gt;
							&lt;/a&gt;
						&lt;/div&gt;
						&lt;a class="quick-view" href="http://automationpractice.com/index.php?id_product=2&amp;amp;controller=product&amp;amp;search_query=Blouse&amp;amp;results=1" rel="http://automationpractice.com/index.php?id_product=2&amp;amp;controller=product&amp;amp;search_query=Blouse&amp;amp;results=1"&gt;
							&lt;span&gt;Quick view&lt;/span&gt;
						&lt;/a&gt;
																			&lt;div class="content_price" itemprop="offers" itemscope="" itemtype="http://schema.org/Offer"&gt;
																	&lt;span itemprop="price" class="price product-price"&gt;
										$27.00									&lt;/span&gt;
									&lt;meta itemprop="priceCurrency" content="USD"&gt;
																		
									
															&lt;/div&gt;
																							&lt;/div&gt;
					
					
				&lt;/div&gt;
				&lt;div class="right-block"&gt;
					&lt;h5 itemprop="name"&gt;
												&lt;a class="product-name" href="http://automationpractice.com/index.php?id_product=2&amp;amp;controller=product&amp;amp;search_query=Blouse&amp;amp;results=1" title="Blouse" itemprop="url"&gt;
							Blouse
						&lt;/a&gt;
					&lt;/h5&gt;
					
					&lt;p class="product-desc" itemprop="description"&gt;
						Short sleeved blouse with feminine draped sleeve detail.
					&lt;/p&gt;
										&lt;div itemprop="offers" itemscope="" itemtype="http://schema.org/Offer" class="content_price"&gt;
													&lt;span itemprop="price" class="price product-price"&gt;
								$27.00							&lt;/span&gt;
							&lt;meta itemprop="priceCurrency" content="USD"&gt;
														
							
											&lt;/div&gt;
										&lt;div class="button-container"&gt;
																														&lt;a class="button ajax_add_to_cart_button btn btn-default" href="http://automationpractice.com/index.php?controller=cart&amp;amp;add=1&amp;amp;id_product=2&amp;amp;token=e817bb0705dd58da8db074c69f729fd8" rel="nofollow" title="Add to cart" data-id-product="2"&gt;
										&lt;span&gt;Add to cart&lt;/span&gt;
									&lt;/a&gt;
																											&lt;a itemprop="url" class="button lnk_view btn btn-default" href="http://automationpractice.com/index.php?id_product=2&amp;amp;controller=product&amp;amp;search_query=Blouse&amp;amp;results=1" title="View"&gt;
							&lt;span&gt;More&lt;/span&gt;
						&lt;/a&gt;
					&lt;/div&gt;
											&lt;div class="color-list-container"&gt;&lt;ul class="color_to_pick_list clearfix"&gt;
					&lt;li&gt;
			&lt;a href="http://automationpractice.com/index.php?id_product=2&amp;amp;controller=product#/size-s/color-white" id="color_8" class="color_pick" style="background:#ffffff;"&gt;
							&lt;/a&gt;
		&lt;/li&gt;
					&lt;li&gt;
			&lt;a href="http://automationpractice.com/index.php?id_product=2&amp;amp;controller=product#/size-s/color-black" id="color_7" class="color_pick" style="background:#434A54;"&gt;
							&lt;/a&gt;
		&lt;/li&gt;
	&lt;/ul&gt;&lt;/div&gt;
										&lt;div class="product-flags"&gt;
																														&lt;/div&gt;
																		&lt;span itemprop="offers" itemscope="" itemtype="http://schema.org/Offer" class="availability"&gt;
																	&lt;span class="available-now"&gt;
										&lt;link itemprop="availability" href="http://schema.org/InStock"&gt;In stock									&lt;/span&gt;
															&lt;/span&gt;
															&lt;/div&gt;
					 				&lt;div class="functional-buttons clearfix"&gt;
						
&lt;div class="wishlist"&gt;
	&lt;a class="addToWishlist wishlistProd_2" href="#" rel="2" onclick="WishlistCart('wishlist_block_list', 'add', '2', false, 1); return false;"&gt;
		Add to Wishlist
	&lt;/a&gt;
&lt;/div&gt;
													&lt;div class="compare"&gt;
								&lt;a class="add_to_compare" href="http://automationpractice.com/index.php?id_product=2&amp;amp;controller=product&amp;amp;search_query=Blouse&amp;amp;results=1" data-id-product="2"&gt;Add to Compare&lt;/a&gt;
							&lt;/div&gt;
											&lt;/div&gt;
							&lt;/div&gt;&lt;!-- .product-container&gt; --&gt;
		&lt;/li&gt;
		&lt;/ul&gt;





    &lt;div class="content_sortPagiBar"&gt;
    	&lt;div class="bottom-pagination-content clearfix"&gt;
        		&lt;form method="post" action="http://automationpractice.com/index.php?controller=products-comparison" class="compare-form"&gt;
		&lt;button type="submit" class="btn btn-default button button-medium bt_compare bt_compare" disabled="disabled"&gt;
			&lt;span&gt;Compare (&lt;strong class="total-compare-val"&gt;0&lt;/strong&gt;)&lt;i class="icon-chevron-right right"&gt;&lt;/i&gt;&lt;/span&gt;
		&lt;/button&gt;
		&lt;input type="hidden" name="compare_product_count" class="compare_product_count" value="0"&gt;
		&lt;input type="hidden" name="compare_product_list" class="compare_product_list" value=""&gt;
	&lt;/form&gt;
			
		
		
		
	
        	                
	
												&lt;!-- Pagination --&gt;
	&lt;div id="pagination_bottom" class="pagination clearfix"&gt;
	    			&lt;/div&gt;
    &lt;div class="product-count"&gt;
    	        	                        	                        	Showing 1 - 1 of 1 item
       	    &lt;/div&gt;
	&lt;!-- /Pagination --&gt;

                    &lt;/div&gt;
    &lt;/div&gt;
					&lt;/div&gt;&lt;!-- #center_column --&gt;
										&lt;/div&gt;&lt;!-- .row --&gt;
				&lt;/div&gt;&lt;!-- #columns --&gt;
			&lt;/div&gt;&lt;!-- .columns-container --&gt;
							&lt;!-- Footer --&gt;
				&lt;div class="footer-container"&gt;
					&lt;footer id="footer" class="container"&gt;
						&lt;div class="row"&gt;&lt;!-- Block Newsletter module--&gt;
&lt;div id="newsletter_block_left" class="block"&gt;
	&lt;h4&gt;Newsletter&lt;/h4&gt;
	&lt;div class="block_content"&gt;
		&lt;form action="http://automationpractice.com/index.php" method="post"&gt;
			&lt;div class="form-group"&gt;
				&lt;input class="inputNew form-control grey newsletter-input" id="newsletter-input" type="text" name="email" size="18" value="Enter your e-mail"&gt;
                &lt;button type="submit" name="submitNewsletter" class="btn btn-default button button-small"&gt;
                    &lt;span&gt;Ok&lt;/span&gt;
                &lt;/button&gt;
				&lt;input type="hidden" name="action" value="0"&gt;
			&lt;/div&gt;
		&lt;/form&gt;
	&lt;/div&gt;
&lt;/div&gt;
&lt;!-- /Block Newsletter module--&gt;
&lt;section id="social_block"&gt;
	&lt;ul&gt;
					&lt;li class="facebook"&gt;
				&lt;a target="_blank" href="https://www.facebook.com/groups/525066904174158/"&gt;
					&lt;span&gt;Facebook&lt;/span&gt;
				&lt;/a&gt;
			&lt;/li&gt;
							&lt;li class="twitter"&gt;
				&lt;a target="_blank" href="https://twitter.com/seleniumfrmwrk"&gt;
					&lt;span&gt;Twitter&lt;/span&gt;
				&lt;/a&gt;
			&lt;/li&gt;
				                	&lt;li class="youtube"&gt;
        		&lt;a target="_blank" href="https://www.youtube.com/channel/UCHl59sI3SRjQ-qPcTrgt0tA"&gt;
        			&lt;span&gt;Youtube&lt;/span&gt;
        		&lt;/a&gt;
        	&lt;/li&gt;
                        	&lt;li class="google-plus"&gt;
        		&lt;a target="_blank" href="https://plus.google.com/111979135243110831526/posts"&gt;
        			&lt;span&gt;Google Plus&lt;/span&gt;
        		&lt;/a&gt;
        	&lt;/li&gt;
                	&lt;/ul&gt;
    &lt;h4&gt;Follow us&lt;/h4&gt;
&lt;/section&gt;
&lt;div class="clearfix"&gt;&lt;/div&gt;
&lt;!-- Block categories module --&gt;
&lt;section class="blockcategories_footer footer-block col-xs-12 col-sm-2"&gt;
	&lt;h4&gt;Categories&lt;/h4&gt;
	&lt;div class="category_footer toggle-footer" style=""&gt;
		&lt;div class="list"&gt;
			&lt;ul class="tree dynamized" style="display: block;"&gt;
												
&lt;li class="last"&gt;
	&lt;span class="grower CLOSE"&gt; &lt;/span&gt;&lt;a href="http://automationpractice.com/index.php?id_category=3&amp;amp;controller=category" title="You will find here all woman fashion collections.  
 This category includes all the basics of your wardrobe and much more: 
 shoes, accessories, printed t-shirts, feminine dresses, women's jeans!"&gt;
		Women
	&lt;/a&gt;
			&lt;ul style="display: none;"&gt;
												
&lt;li&gt;
	&lt;span class="grower CLOSE"&gt; &lt;/span&gt;&lt;a href="http://automationpractice.com/index.php?id_category=4&amp;amp;controller=category" title="Choose from t-shirts, tops, blouses, short sleeves, long sleeves, tank tops, 3/4 sleeves and more. 
 Find the cut that suits you the best!"&gt;
		Tops
	&lt;/a&gt;
			&lt;ul style="display: none;"&gt;
												
&lt;li&gt;
	&lt;a href="http://automationpractice.com/index.php?id_category=5&amp;amp;controller=category" title="The must have of your wardrobe, take a look at our different colors, 
 shapes and style of our collection!"&gt;
		T-shirts
	&lt;/a&gt;
	&lt;/li&gt;

																
&lt;li class="last"&gt;
	&lt;a href="http://automationpractice.com/index.php?id_category=7&amp;amp;controller=category" title="Match your favorites blouses with the right accessories for the perfect look."&gt;
		Blouses
	&lt;/a&gt;
	&lt;/li&gt;

									&lt;/ul&gt;
	&lt;/li&gt;

																
&lt;li class="last"&gt;
	&lt;span class="grower CLOSE"&gt; &lt;/span&gt;&lt;a href="http://automationpractice.com/index.php?id_category=8&amp;amp;controller=category" title="Find your favorites dresses from our wide choice of evening, casual or summer dresses! 
 We offer dresses for every day, every style and every occasion."&gt;
		Dresses
	&lt;/a&gt;
			&lt;ul style="display: none;"&gt;
												
&lt;li&gt;
	&lt;a href="http://automationpractice.com/index.php?id_category=9&amp;amp;controller=category" title="You are looking for a dress for every day? Take a look at 
 our selection of dresses to find one that suits you."&gt;
		Casual Dresses
	&lt;/a&gt;
	&lt;/li&gt;

																
&lt;li&gt;
	&lt;a href="http://automationpractice.com/index.php?id_category=10&amp;amp;controller=category" title="Browse our different dresses to choose the perfect dress for an unforgettable evening!"&gt;
		Evening Dresses
	&lt;/a&gt;
	&lt;/li&gt;

																
&lt;li class="last"&gt;
	&lt;a href="http://automationpractice.com/index.php?id_category=11&amp;amp;controller=category" title="Short dress, long dress, silk dress, printed dress, you will find the perfect dress for summer."&gt;
		Summer Dresses
	&lt;/a&gt;
	&lt;/li&gt;

									&lt;/ul&gt;
	&lt;/li&gt;

									&lt;/ul&gt;
	&lt;/li&gt;

							
										&lt;/ul&gt;
		&lt;/div&gt;
	&lt;/div&gt; &lt;!-- .category_footer --&gt;
&lt;/section&gt;
&lt;!-- /Block categories module --&gt;
	&lt;!-- MODULE Block footer --&gt;
	&lt;section class="footer-block col-xs-12 col-sm-2" id="block_various_links_footer"&gt;
		&lt;h4&gt;Information&lt;/h4&gt;
		&lt;ul class="toggle-footer" style=""&gt;
							&lt;li class="item"&gt;
					&lt;a href="http://automationpractice.com/index.php?controller=prices-drop" title="Specials"&gt;
						Specials
					&lt;/a&gt;
				&lt;/li&gt;
									&lt;li class="item"&gt;
				&lt;a href="http://automationpractice.com/index.php?controller=new-products" title="New products"&gt;
					New products
				&lt;/a&gt;
			&lt;/li&gt;
										&lt;li class="item"&gt;
					&lt;a href="http://automationpractice.com/index.php?controller=best-sales" title="Best sellers"&gt;
						Best sellers
					&lt;/a&gt;
				&lt;/li&gt;
										&lt;li class="item"&gt;
					&lt;a href="http://automationpractice.com/index.php?controller=stores" title="Our stores"&gt;
						Our stores
					&lt;/a&gt;
				&lt;/li&gt;
									&lt;li class="item"&gt;
				&lt;a href="http://automationpractice.com/index.php?controller=contact" title="Contact us"&gt;
					Contact us
				&lt;/a&gt;
			&lt;/li&gt;
															&lt;li class="item"&gt;
						&lt;a href="http://automationpractice.com/index.php?id_cms=3&amp;amp;controller=cms" title="Terms and conditions of use"&gt;
							Terms and conditions of use
						&lt;/a&gt;
					&lt;/li&gt;
																&lt;li class="item"&gt;
						&lt;a href="http://automationpractice.com/index.php?id_cms=4&amp;amp;controller=cms" title="About us"&gt;
							About us
						&lt;/a&gt;
					&lt;/li&gt;
													&lt;li&gt;
				&lt;a href="http://automationpractice.com/index.php?controller=sitemap" title="Sitemap"&gt;
					Sitemap
				&lt;/a&gt;
			&lt;/li&gt;
					&lt;/ul&gt;
		
	&lt;/section&gt;
		&lt;section class="bottom-footer col-xs-12"&gt;
		&lt;div&gt;
			© 2014 &lt;a class="_blank" href="http://www.prestashop.com" target="_blank"&gt;Ecommerce software by PrestaShop™&lt;/a&gt;
		&lt;/div&gt;
	&lt;/section&gt;
		&lt;!-- /MODULE Block footer --&gt;
&lt;!-- Block myaccount module --&gt;
&lt;section class="footer-block col-xs-12 col-sm-4"&gt;
	&lt;h4&gt;&lt;a href="http://automationpractice.com/index.php?controller=my-account" title="Manage my customer account" rel="nofollow"&gt;My account&lt;/a&gt;&lt;/h4&gt;
	&lt;div class="block_content toggle-footer" style=""&gt;
		&lt;ul class="bullet"&gt;
			&lt;li&gt;&lt;a href="http://automationpractice.com/index.php?controller=history" title="My orders" rel="nofollow"&gt;My orders&lt;/a&gt;&lt;/li&gt;
						&lt;li&gt;&lt;a href="http://automationpractice.com/index.php?controller=order-slip" title="My credit slips" rel="nofollow"&gt;My credit slips&lt;/a&gt;&lt;/li&gt;
			&lt;li&gt;&lt;a href="http://automationpractice.com/index.php?controller=addresses" title="My addresses" rel="nofollow"&gt;My addresses&lt;/a&gt;&lt;/li&gt;
			&lt;li&gt;&lt;a href="http://automationpractice.com/index.php?controller=identity" title="Manage my personal information" rel="nofollow"&gt;My personal info&lt;/a&gt;&lt;/li&gt;
						
            		&lt;/ul&gt;
	&lt;/div&gt;
&lt;/section&gt;
&lt;!-- /Block myaccount module --&gt;
&lt;!-- MODULE Block contact infos --&gt;
&lt;section id="block_contact_infos" class="footer-block col-xs-12 col-sm-4"&gt;
	&lt;div&gt;
        &lt;h4&gt;Store information&lt;/h4&gt;
        &lt;ul class="toggle-footer" style=""&gt;
                        	&lt;li&gt;
            		&lt;i class="icon-map-marker"&gt;&lt;/i&gt;Selenium Framework, Research Triangle Park,
North Carolina,
USA            	&lt;/li&gt;
                                    	&lt;li&gt;
            		&lt;i class="icon-phone"&gt;&lt;/i&gt;Call us now: 
            		&lt;span&gt;(347) 466-7432&lt;/span&gt;
            	&lt;/li&gt;
                                    	&lt;li&gt;
            		&lt;i class="icon-envelope-alt"&gt;&lt;/i&gt;Email: 
            		&lt;span&gt;&lt;a href="mailto:%73%75%70%70%6f%72%74@%73%65%6c%65%6e%69%75%6d%66%72%61%6d%65%77%6f%72%6b.%63%6f%6d"&gt;support@seleniumframework.com&lt;/a&gt;&lt;/span&gt;
            	&lt;/li&gt;
                    &lt;/ul&gt;
    &lt;/div&gt;
&lt;/section&gt;
&lt;!-- /MODULE Block contact infos --&gt;
&lt;/div&gt;
					&lt;/footer&gt;
				&lt;/div&gt;&lt;!-- #footer --&gt;
					&lt;/div&gt;&lt;!-- #page --&gt;
&lt;/body&gt;&lt;/html&gt;</msg>
<kw name="Capture Page Screenshot" library="SeleniumLibrary">
<doc>Takes a screenshot of the current page and embeds it into a log file.</doc>
<msg timestamp="20210204 15:19:02.850" level="TRACE">Arguments: [  ]</msg>
<msg timestamp="20210204 15:19:02.850" level="DEBUG">GET http://127.0.0.1:34735/session/defdf6b179467acfe91c316d236ec1e7/screenshot {}</msg>
<msg timestamp="20210204 15:19:02.972" level="DEBUG">http://127.0.0.1:34735 "GET /session/defdf6b179467acfe91c316d236ec1e7/screenshot HTTP/1.1" 200 197868</msg>
<msg timestamp="20210204 15:19:02.973" level="DEBUG">Finished Request</msg>
<msg timestamp="20210204 15:19:02.976" level="INFO" html="yes">&lt;/td&gt;&lt;/tr&gt;&lt;tr&gt;&lt;td colspan="3"&gt;&lt;a href="selenium-screenshot-1.png"&gt;&lt;img src="selenium-screenshot-1.png" width="800px"&gt;&lt;/a&gt;</msg>
<msg timestamp="20210204 15:19:02.976" level="TRACE">Return: '/home/rogerio.ribeiro/Documentos/SuiteSiteAutomation/env/selenium-screenshot-1.png'</msg>
<status status="PASS" starttime="20210204 15:19:02.849" endtime="20210204 15:19:02.976"></status>
</kw>
<msg timestamp="20210204 15:19:02.978" level="FAIL">Page should have contained image 'xpath=//*[@id="center_column"]//*[@src='http://automationpractice.com/img/p/7/7-large_default.jpg']' but did not.</msg>
<msg timestamp="20210204 15:19:02.978" level="DEBUG">Traceback (most recent call last):
  File "/home/rogerio.ribeiro/Documentos/SuiteSiteAutomation/env/lib/python3.8/site-packages/SeleniumLibrary/__init__.py", line 492, in run_keyword
    return DynamicCore.run_keyword(self, name, args, kwargs)
  File "/home/rogerio.ribeiro/Documentos/SuiteSiteAutomation/env/lib/python3.8/site-packages/robotlibcore.py", line 103, in run_keyword
    return self.keywords[name](*args, **(kwargs or {}))
  File "/home/rogerio.ribeiro/Documentos/SuiteSiteAutomation/env/lib/python3.8/site-packages/SeleniumLibrary/keywords/element.py", line 1047, in page_should_contain_image
    self.assert_page_contains(locator, "image", message, loglevel)
  File "/home/rogerio.ribeiro/Documentos/SuiteSiteAutomation/env/lib/python3.8/site-packages/SeleniumLibrary/base/librarycomponent.py", line 60, in assert_page_contains
    raise AssertionError(message)</msg>
<status status="FAIL" starttime="20210204 15:19:02.828" endtime="20210204 15:19:02.978"></status>
</kw>
<status status="FAIL" starttime="20210204 15:19:01.236" endtime="20210204 15:19:02.978"></status>
</kw>
<kw name="Fechar navegador" library="Resource" type="teardown">
<msg timestamp="20210204 15:19:02.979" level="TRACE">Arguments: [  ]</msg>
<kw name="Close Browser" library="SeleniumLibrary">
<doc>Closes the current browser.</doc>
<msg timestamp="20210204 15:19:02.980" level="TRACE">Arguments: [  ]</msg>
<msg timestamp="20210204 15:19:02.980" level="DEBUG">Closing browser with session id defdf6b179467acfe91c316d236ec1e7.</msg>
<msg timestamp="20210204 15:19:02.980" level="DEBUG">DELETE http://127.0.0.1:34735/session/defdf6b179467acfe91c316d236ec1e7 {}</msg>
<msg timestamp="20210204 15:19:03.034" level="DEBUG">http://127.0.0.1:34735 "DELETE /session/defdf6b179467acfe91c316d236ec1e7 HTTP/1.1" 200 14</msg>
<msg timestamp="20210204 15:19:03.034" level="DEBUG">Finished Request</msg>
<msg timestamp="20210204 15:19:03.053" level="TRACE">Return: None</msg>
<status status="PASS" starttime="20210204 15:19:02.980" endtime="20210204 15:19:03.053"></status>
</kw>
<msg timestamp="20210204 15:19:03.053" level="TRACE">Return: None</msg>
<status status="PASS" starttime="20210204 15:19:02.979" endtime="20210204 15:19:03.053"></status>
</kw>
<status status="FAIL" starttime="20210204 15:18:54.570" endtime="20210204 15:19:03.053" critical="yes">Page should have contained image 'xpath=//*[@id="center_column"]//*[@src='http://automationpractice.com/img/p/7/7-large_default.jpg']' but did not.</status>
</test>
<status status="FAIL" starttime="20210204 15:18:54.438" endtime="20210204 15:19:03.055"></status>
</suite>
<statistics>
<total>
<stat pass="0" fail="1">Critical Tests</stat>
<stat pass="0" fail="1">All Tests</stat>
</total>
<tag>
</tag>
<suite>
<stat pass="0" fail="1" id="s1" name="TestSite">TestSite</stat>
</suite>
</statistics>
<errors>
</errors>
</robot>
