<?xml version="1.0" encoding="UTF-8"?>
<robot generator="Robot 3.2.2 (Python 3.8.5 on linux)" generated="20210205 08:53:41.448" rpa="false">
<suite id="s1" name="TestSiteBDD" source="/home/rogerio.ribeiro/Documentos/SuiteSiteAutomation/env/tests/TestSiteBDD.robot">
<test id="s1-t1" name="Cenário 01: Pesquisar produto existente">
<kw name="Abrir navegador" library="Resource" type="setup">
<kw name="Open Browser" library="SeleniumLibrary">
<doc>Opens a new browser instance to the optional ``url``.</doc>
<arguments>
<arg>about:blank</arg>
<arg>${BROWSER}</arg>
</arguments>
<msg timestamp="20210205 08:53:41.565" level="INFO">Opening browser 'chrome' to base url 'about:blank'.</msg>
<status status="PASS" starttime="20210205 08:53:41.564" endtime="20210205 08:53:42.961"></status>
</kw>
<status status="PASS" starttime="20210205 08:53:41.564" endtime="20210205 08:53:42.962"></status>
</kw>
<kw name="Dado que estou na página home do site">
<kw name="Acessar a página home do site" library="Resource">
<kw name="Go To" library="SeleniumLibrary">
<doc>Navigates the current browser window to the provided ``url``.</doc>
<arguments>
<arg>http://automationpractice.com</arg>
</arguments>
<msg timestamp="20210205 08:53:42.963" level="INFO">Opening url 'http://automationpractice.com'</msg>
<status status="PASS" starttime="20210205 08:53:42.963" endtime="20210205 08:53:49.480"></status>
</kw>
<kw name="Title Should Be" library="SeleniumLibrary">
<doc>Verifies that the current page title equals ``title``.</doc>
<arguments>
<arg>My Store</arg>
</arguments>
<msg timestamp="20210205 08:53:49.485" level="INFO">Page title is 'My Store'.</msg>
<status status="PASS" starttime="20210205 08:53:49.480" endtime="20210205 08:53:49.485"></status>
</kw>
<status status="PASS" starttime="20210205 08:53:42.962" endtime="20210205 08:53:49.485"></status>
</kw>
<status status="PASS" starttime="20210205 08:53:42.962" endtime="20210205 08:53:49.485"></status>
</kw>
<kw name="Quando eu pesquisar pelo produto &quot;Blouse&quot;">
<kw name="Digitar o nome do produto &quot;${PRODUTO}&quot; no campo de pesquisa" library="Resource">
<kw name="Input Text" library="SeleniumLibrary">
<doc>Types the given ``text`` into the text field identified by ``locator``.</doc>
<arguments>
<arg>name=search_query</arg>
<arg>${PRODUTO}</arg>
</arguments>
<msg timestamp="20210205 08:53:49.486" level="INFO">Typing text 'Blouse' into text field 'name=search_query'.</msg>
<status status="PASS" starttime="20210205 08:53:49.486" endtime="20210205 08:53:49.560"></status>
</kw>
<status status="PASS" starttime="20210205 08:53:49.485" endtime="20210205 08:53:49.560"></status>
</kw>
<kw name="Clicar no botão pesquisar" library="Resource">
<kw name="Click Element" library="SeleniumLibrary">
<doc>Click the element identified by ``locator``.</doc>
<arguments>
<arg>name=submit_search</arg>
</arguments>
<msg timestamp="20210205 08:53:49.561" level="INFO">Clicking element 'name=submit_search'.</msg>
<status status="PASS" starttime="20210205 08:53:49.560" endtime="20210205 08:53:49.601"></status>
</kw>
<status status="PASS" starttime="20210205 08:53:49.560" endtime="20210205 08:53:49.602"></status>
</kw>
<status status="PASS" starttime="20210205 08:53:49.485" endtime="20210205 08:53:49.602"></status>
</kw>
<kw name="Então o produto &quot;Blouse&quot; deve ser listado na página de resultado da busca">
<kw name="Conferir se o produto &quot;${PRODUTO}&quot; foi listado no site" library="Resource">
<kw name="Wait Until Element Is Visible" library="SeleniumLibrary">
<doc>Waits until the element ``locator`` is visible.</doc>
<arguments>
<arg>css=#center_column</arg>
</arguments>
<status status="PASS" starttime="20210205 08:53:49.602" endtime="20210205 08:53:50.950"></status>
</kw>
<kw name="Title Should Be" library="SeleniumLibrary">
<doc>Verifies that the current page title equals ``title``.</doc>
<arguments>
<arg>Search - My Store</arg>
</arguments>
<msg timestamp="20210205 08:53:50.953" level="INFO">Page title is 'Search - My Store'.</msg>
<status status="PASS" starttime="20210205 08:53:50.951" endtime="20210205 08:53:50.953"></status>
</kw>
<kw name="Page Should Contain Image" library="SeleniumLibrary">
<doc>Verifies image identified by ``locator`` is found from current page.</doc>
<arguments>
<arg>xpath=//*[@id="center_column"]//*[@src='http://automationpractice.com/img/p/7/7-large_default.jpg']</arg>
</arguments>
<kw name="Capture Page Screenshot" library="SeleniumLibrary">
<doc>Takes a screenshot of the current page and embeds it into a log file.</doc>
<msg timestamp="20210205 08:53:51.082" level="INFO" html="yes">&lt;/td&gt;&lt;/tr&gt;&lt;tr&gt;&lt;td colspan="3"&gt;&lt;a href="selenium-screenshot-12.png"&gt;&lt;img src="selenium-screenshot-12.png" width="800px"&gt;&lt;/a&gt;</msg>
<status status="PASS" starttime="20210205 08:53:50.971" endtime="20210205 08:53:51.082"></status>
</kw>
<msg timestamp="20210205 08:53:51.084" level="FAIL">Page should have contained image 'xpath=//*[@id="center_column"]//*[@src='http://automationpractice.com/img/p/7/7-large_default.jpg']' but did not.</msg>
<status status="FAIL" starttime="20210205 08:53:50.953" endtime="20210205 08:53:51.084"></status>
</kw>
<status status="FAIL" starttime="20210205 08:53:49.602" endtime="20210205 08:53:51.084"></status>
</kw>
<status status="FAIL" starttime="20210205 08:53:49.602" endtime="20210205 08:53:51.084"></status>
</kw>
<kw name="Fechar navegador" library="Resource" type="teardown">
<kw name="Close Browser" library="SeleniumLibrary">
<doc>Closes the current browser.</doc>
<status status="PASS" starttime="20210205 08:53:51.084" endtime="20210205 08:53:51.141"></status>
</kw>
<status status="PASS" starttime="20210205 08:53:51.084" endtime="20210205 08:53:51.141"></status>
</kw>
<status status="FAIL" starttime="20210205 08:53:41.564" endtime="20210205 08:53:51.141" critical="yes">Page should have contained image 'xpath=//*[@id="center_column"]//*[@src='http://automationpractice.com/img/p/7/7-large_default.jpg']' but did not.</status>
</test>
<test id="s1-t2" name="Cenário 02: Pesquisar produto inexistente">
<kw name="Abrir navegador" library="Resource" type="setup">
<kw name="Open Browser" library="SeleniumLibrary">
<doc>Opens a new browser instance to the optional ``url``.</doc>
<arguments>
<arg>about:blank</arg>
<arg>${BROWSER}</arg>
</arguments>
<msg timestamp="20210205 08:53:51.143" level="INFO">Opening browser 'chrome' to base url 'about:blank'.</msg>
<status status="PASS" starttime="20210205 08:53:51.142" endtime="20210205 08:53:52.535"></status>
</kw>
<status status="PASS" starttime="20210205 08:53:51.142" endtime="20210205 08:53:52.536"></status>
</kw>
<kw name="Dado que estou na página home do site">
<kw name="Acessar a página home do site" library="Resource">
<kw name="Go To" library="SeleniumLibrary">
<doc>Navigates the current browser window to the provided ``url``.</doc>
<arguments>
<arg>http://automationpractice.com</arg>
</arguments>
<msg timestamp="20210205 08:53:52.537" level="INFO">Opening url 'http://automationpractice.com'</msg>
<status status="PASS" starttime="20210205 08:53:52.536" endtime="20210205 08:53:57.573"></status>
</kw>
<kw name="Title Should Be" library="SeleniumLibrary">
<doc>Verifies that the current page title equals ``title``.</doc>
<arguments>
<arg>My Store</arg>
</arguments>
<msg timestamp="20210205 08:53:57.576" level="INFO">Page title is 'My Store'.</msg>
<status status="PASS" starttime="20210205 08:53:57.573" endtime="20210205 08:53:57.576"></status>
</kw>
<status status="PASS" starttime="20210205 08:53:52.536" endtime="20210205 08:53:57.576"></status>
</kw>
<status status="PASS" starttime="20210205 08:53:52.536" endtime="20210205 08:53:57.576"></status>
</kw>
<kw name="Quando eu pesquisar pelo produto &quot;itemNãoExistente&quot;">
<kw name="Digitar o nome do produto &quot;${PRODUTO}&quot; no campo de pesquisa" library="Resource">
<kw name="Input Text" library="SeleniumLibrary">
<doc>Types the given ``text`` into the text field identified by ``locator``.</doc>
<arguments>
<arg>name=search_query</arg>
<arg>${PRODUTO}</arg>
</arguments>
<msg timestamp="20210205 08:53:57.577" level="INFO">Typing text 'itemNãoExistente' into text field 'name=search_query'.</msg>
<status status="PASS" starttime="20210205 08:53:57.577" endtime="20210205 08:53:57.656"></status>
</kw>
<status status="PASS" starttime="20210205 08:53:57.577" endtime="20210205 08:53:57.656"></status>
</kw>
<kw name="Clicar no botão pesquisar" library="Resource">
<kw name="Click Element" library="SeleniumLibrary">
<doc>Click the element identified by ``locator``.</doc>
<arguments>
<arg>name=submit_search</arg>
</arguments>
<msg timestamp="20210205 08:53:57.657" level="INFO">Clicking element 'name=submit_search'.</msg>
<status status="PASS" starttime="20210205 08:53:57.657" endtime="20210205 08:53:59.042"></status>
</kw>
<status status="PASS" starttime="20210205 08:53:57.657" endtime="20210205 08:53:59.042"></status>
</kw>
<status status="PASS" starttime="20210205 08:53:57.577" endtime="20210205 08:53:59.043"></status>
</kw>
<kw name="Então a página deve exibir a mensagem &quot;No results were found your search &quot;itemNãoExistente&quot;&quot;">
<kw name="Conferir mensagem de erro &quot;${MENSAGEM_ALERTA}&quot;" library="Resource">
<kw name="Wait Until Element Is Visible" library="SeleniumLibrary">
<doc>Waits until the element ``locator`` is visible.</doc>
<arguments>
<arg>//*[@id="center_column"]/p[@class='alert alert-warning']</arg>
</arguments>
<status status="PASS" starttime="20210205 08:53:59.043" endtime="20210205 08:53:59.065"></status>
</kw>
<kw name="Element Text Should Be" library="SeleniumLibrary">
<doc>Verifies that element ``locator`` contains exact the text ``expected``.</doc>
<arguments>
<arg>//*[@id="center_column"]/p[@class='alert alert-warning']</arg>
</arguments>
<msg timestamp="20210205 08:53:59.065" level="FAIL">Keyword 'SeleniumLibrary.Element Text Should Be' expected 2 to 4 arguments, got 1.</msg>
<status status="FAIL" starttime="20210205 08:53:59.065" endtime="20210205 08:53:59.065"></status>
</kw>
<status status="FAIL" starttime="20210205 08:53:59.043" endtime="20210205 08:53:59.065"></status>
</kw>
<status status="FAIL" starttime="20210205 08:53:59.043" endtime="20210205 08:53:59.066"></status>
</kw>
<kw name="Fechar navegador" library="Resource" type="teardown">
<kw name="Close Browser" library="SeleniumLibrary">
<doc>Closes the current browser.</doc>
<status status="PASS" starttime="20210205 08:53:59.066" endtime="20210205 08:53:59.124"></status>
</kw>
<status status="PASS" starttime="20210205 08:53:59.066" endtime="20210205 08:53:59.124"></status>
</kw>
<status status="FAIL" starttime="20210205 08:53:51.141" endtime="20210205 08:53:59.124" critical="yes">Keyword 'SeleniumLibrary.Element Text Should Be' expected 2 to 4 arguments, got 1.</status>
</test>
<status status="FAIL" starttime="20210205 08:53:41.449" endtime="20210205 08:53:59.125"></status>
</suite>
<statistics>
<total>
<stat pass="0" fail="2">Critical Tests</stat>
<stat pass="0" fail="2">All Tests</stat>
</total>
<tag>
</tag>
<suite>
<stat pass="0" fail="2" id="s1" name="TestSiteBDD">TestSiteBDD</stat>
</suite>
</statistics>
<errors>
</errors>
</robot>
