<?xml version="1.0" encoding="UTF-8"?>
<robot generator="Robot 3.2.2 (Python 3.8.5 on linux)" generated="20210208 10:34:15.705" rpa="false">
<suite id="s1" name="TestCasesAPIBooks" source="/home/rogerio.ribeiro/Documentos/FrameworkBasico/API/env/BooksAPI/TestCasesAPIBooks.robot">
<kw name="Conectar a minha API" library="ResourceAPI" type="setup">
<kw name="Create Session">
<arguments>
<arg>fakeAPI</arg>
<arg>${URL_API}</arg>
</arguments>
<msg timestamp="20210208 10:34:15.729" level="FAIL">No keyword with name 'Create Session' found.</msg>
<status status="FAIL" starttime="20210208 10:34:15.729" endtime="20210208 10:34:15.729"></status>
</kw>
<status status="FAIL" starttime="20210208 10:34:15.728" endtime="20210208 10:34:15.730"></status>
</kw>
<test id="s1-t1" name="Buscar a listagem de todos os livros (GET em todos os livros)">
<status status="FAIL" starttime="20210208 10:34:15.730" endtime="20210208 10:34:15.730" critical="yes">Parent suite setup failed:
No keyword with name 'Create Session' found.</status>
</test>
<test id="s1-t2" name="Buscar um livro específico(GET em um livro específico)">
<status status="FAIL" starttime="20210208 10:34:15.730" endtime="20210208 10:34:15.730" critical="yes">Parent suite setup failed:
No keyword with name 'Create Session' found.</status>
</test>
<doc>Documentação da API: https://fakerestapi.azurewebsites.net/swagger/ui/index#!/Books</doc>
<status status="FAIL" starttime="20210208 10:34:15.706" endtime="20210208 10:34:15.731">Suite setup failed:
No keyword with name 'Create Session' found.</status>
</suite>
<statistics>
<total>
<stat pass="0" fail="2">Critical Tests</stat>
<stat pass="0" fail="2">All Tests</stat>
</total>
<tag>
</tag>
<suite>
<stat pass="0" fail="2" id="s1" name="TestCasesAPIBooks">TestCasesAPIBooks</stat>
</suite>
</statistics>
<errors>
<msg timestamp="20210208 10:34:15.723" level="ERROR">Error in file '/home/rogerio.ribeiro/Documentos/FrameworkBasico/API/env/BooksAPI/ResourceAPI.robot' on line 3: Importing test library 'RequestsLibrary' failed: ModuleNotFoundError: No module named 'RequestsLibrary'
Traceback (most recent call last):
  None
PYTHONPATH:
  /home/rogerio.ribeiro/Documentos/FrameworkBasico/API/env/bin
  /usr/lib/python38.zip
  /usr/lib/python3.8
  /usr/lib/python3.8/lib-dynload
  /home/rogerio.ribeiro/Documentos/FrameworkBasico/API/env/lib/python3.8/site-packages</msg>
</errors>
</robot>
