<?xml version="1.0" encoding="UTF-8"?>
<robot generator="Robot 3.2.2 (Python 3.8.5 on linux)" generated="20210207 17:05:59.593" rpa="false">
<suite id="s1" name="TestCasesAPIBooks" source="/home/rogerio.ribeiro/Documentos/API/env/BooksAPI/TestCasesAPIBooks.robot">
<kw name="Conectar a minha API" library="ResourceAPI" type="setup">
<kw name="Create Session" library="RequestsLibrary">
<doc>Create Session: create a HTTP session to a server</doc>
<arguments>
<arg>fakeAPI</arg>
<arg>${URL_API}</arg>
</arguments>
<msg timestamp="20210207 17:05:59.681" level="INFO">Creating Session using : alias=fakeAPI, url=https://fakerestapi.azurewebsites.net/api/, headers={},                     cookies={}, auth=None, timeout=None, proxies=None, verify=False,                     debug=0 </msg>
<status status="PASS" starttime="20210207 17:05:59.681" endtime="20210207 17:05:59.682"></status>
</kw>
<status status="PASS" starttime="20210207 17:05:59.681" endtime="20210207 17:05:59.682"></status>
</kw>
<test id="s1-t1" name="Buscar a listagem de todos os livros (GET em todos os livros)">
<kw name="Requisitar todos os livros" library="ResourceAPI">
<kw name="Get Request" library="RequestsLibrary">
<doc>*DEPRECATED* Please use `GET On Session` instead.</doc>
<arguments>
<arg>fakeAPI</arg>
<arg>Books</arg>
</arguments>
<assign>
<var>${RESPOSTA}</var>
</assign>
<msg timestamp="20210207 17:05:59.683" level="WARN">Keyword 'RequestsLibrary.Get Request' is deprecated. Please use `GET On Session` instead.</msg>
<msg timestamp="20210207 17:06:01.919" level="INFO">GET Request : url=https://fakerestapi.azurewebsites.net/api//Books 
 path_url=/api//Books 
 headers={'User-Agent': 'python-requests/2.22.0', 'Accept-Encoding': 'gzip, deflate', 'Accept': '*/*', 'Connection': 'keep-alive'} 
 body=None 
 </msg>
<msg timestamp="20210207 17:06:01.920" level="INFO">GET Response : url=https://fakerestapi.azurewebsites.net/api//Books 
 status=403, reason=Site Disabled 
 headers={'Content-Type': 'text/html', 'Server': 'Microsoft-IIS/10.0', 'Date': 'Sun, 07 Feb 2021 21:06:01 GMT', 'Content-Length': '2345'} 
 body=ï»¿&lt;!DOCTYPE html&gt;
&lt;html&gt;
&lt;head&gt;
    &lt;title&gt;Web App - Unavailable&lt;/title&gt;
    &lt;style type="text/css"&gt;
        html {
            height: 100%;
            width: 100%;
        }

        #feature {
            width: 960px;
            margin: 95px auto 0 auto;
            overflow: auto;
        }

        #content {
            font-family: "Segoe UI";
            font-weight: normal;
            font-size: 22px;
            color: #ffffff;
            float: left;
            width: 460px;
            margin-top: 68px;
            margin-left: 0px;
            vertical-align: middle;
        }

            #content h1 {
                font-family: "Segoe UI Light";
                color: #ffffff;
                font-weight: normal;
                font-size: 60px;
                line-height: 48pt;
                width: 800px;
            }

        p a, p a:visited, p a:active, p a:hover {
            color: #ffffff;
        }

        #content a.button {
            background: #0DBCF2;
            border: 1px solid #FFFFFF;
            color: #FFFFFF;
            display: inline-block;
            font-family: Segoe UI;
            font-size: 24px;
            line-height: 46px;
            margin-top: 10px;
            padding: 0 15px 3px;
            text-decoration: none;
        }

            #content a.button img {
                float: right;
                padding: 10px 0 0 15px;
            }

            #content a.button:hover {
                background: #1C75BC;
            }
    &lt;/style&gt;
&lt;/head&gt;
&lt;body bgcolor="#00abec"&gt;
    &lt;div id="feature"&gt;
            &lt;div id="content"&gt;
                &lt;h1 id="unavailable"&gt;Error 403 - This web app is stopped.&lt;/h1&gt;
                &lt;p id="tryAgain"&gt;The web app you have attempted to reach is currently stopped and does not accept any requests. Please try to reload the page or visit it again soon.&lt;/p&gt;
                &lt;p id="toAdmin"&gt;If you are the web app administrator, please find the common 403 error scenarios and resolution &lt;a href="https://go.microsoft.com/fwlink/?linkid=2095007" target="_blank"&gt;here&lt;/a&gt;. For further troubleshooting tools and recommendations, please visit &lt;a href="https://portal.azure.com/"&gt;Azure Portal&lt;/a&gt;.&lt;/p&gt;
        &lt;/div&gt;
    &lt;/div&gt;
&lt;/body&gt;
&lt;/html&gt;
 
 </msg>
<msg timestamp="20210207 17:06:01.920" level="INFO">/home/rogerio.ribeiro/Documentos/API/env/lib/python3.8/site-packages/urllib3/connectionpool.py:999: InsecureRequestWarning: Unverified HTTPS request is being made to host 'fakerestapi.azurewebsites.net'. Adding certificate verification is strongly advised. See: https://urllib3.readthedocs.io/en/latest/advanced-usage.html#ssl-warnings
  warnings.warn(</msg>
<msg timestamp="20210207 17:06:01.921" level="INFO">${RESPOSTA} = &lt;Response [403]&gt;</msg>
<status status="PASS" starttime="20210207 17:05:59.683" endtime="20210207 17:06:01.921"></status>
</kw>
<kw name="Log" library="BuiltIn">
<doc>Logs the given message with the given level.</doc>
<arguments>
<arg>${RESPOSTA.text}</arg>
</arguments>
<msg timestamp="20210207 17:06:01.923" level="INFO">ï»¿&lt;!DOCTYPE html&gt;
&lt;html&gt;
&lt;head&gt;
    &lt;title&gt;Web App - Unavailable&lt;/title&gt;
    &lt;style type="text/css"&gt;
        html {
            height: 100%;
            width: 100%;
        }

        #feature {
            width: 960px;
            margin: 95px auto 0 auto;
            overflow: auto;
        }

        #content {
            font-family: "Segoe UI";
            font-weight: normal;
            font-size: 22px;
            color: #ffffff;
            float: left;
            width: 460px;
            margin-top: 68px;
            margin-left: 0px;
            vertical-align: middle;
        }

            #content h1 {
                font-family: "Segoe UI Light";
                color: #ffffff;
                font-weight: normal;
                font-size: 60px;
                line-height: 48pt;
                width: 800px;
            }

        p a, p a:visited, p a:active, p a:hover {
            color: #ffffff;
        }

        #content a.button {
            background: #0DBCF2;
            border: 1px solid #FFFFFF;
            color: #FFFFFF;
            display: inline-block;
            font-family: Segoe UI;
            font-size: 24px;
            line-height: 46px;
            margin-top: 10px;
            padding: 0 15px 3px;
            text-decoration: none;
        }

            #content a.button img {
                float: right;
                padding: 10px 0 0 15px;
            }

            #content a.button:hover {
                background: #1C75BC;
            }
    &lt;/style&gt;
&lt;/head&gt;
&lt;body bgcolor="#00abec"&gt;
    &lt;div id="feature"&gt;
            &lt;div id="content"&gt;
                &lt;h1 id="unavailable"&gt;Error 403 - This web app is stopped.&lt;/h1&gt;
                &lt;p id="tryAgain"&gt;The web app you have attempted to reach is currently stopped and does not accept any requests. Please try to reload the page or visit it again soon.&lt;/p&gt;
                &lt;p id="toAdmin"&gt;If you are the web app administrator, please find the common 403 error scenarios and resolution &lt;a href="https://go.microsoft.com/fwlink/?linkid=2095007" target="_blank"&gt;here&lt;/a&gt;. For further troubleshooting tools and recommendations, please visit &lt;a href="https://portal.azure.com/"&gt;Azure Portal&lt;/a&gt;.&lt;/p&gt;
        &lt;/div&gt;
    &lt;/div&gt;
&lt;/body&gt;
&lt;/html&gt;
</msg>
<status status="PASS" starttime="20210207 17:06:01.921" endtime="20210207 17:06:01.923"></status>
</kw>
<kw name="Set Test Variable" library="BuiltIn">
<doc>Makes a variable available everywhere within the scope of the current test.</doc>
<arguments>
<arg>${RESPOSTA}</arg>
</arguments>
<msg timestamp="20210207 17:06:01.925" level="INFO">${RESPOSTA} = &lt;Response [403]&gt;</msg>
<status status="PASS" starttime="20210207 17:06:01.924" endtime="20210207 17:06:01.925"></status>
</kw>
<status status="PASS" starttime="20210207 17:05:59.683" endtime="20210207 17:06:01.926"></status>
</kw>
<kw name="Conferir o status code" library="ResourceAPI">
<arguments>
<arg>200</arg>
</arguments>
<kw name="Should Be Equal As Strings" library="BuiltIn">
<doc>Fails if objects are unequal after converting them to strings.</doc>
<arguments>
<arg>${RESPOSTA.status_code}</arg>
<arg>${STATUSCODE_DESEJADO}</arg>
</arguments>
<msg timestamp="20210207 17:06:01.930" level="INFO">Argument types are:
&lt;class 'int'&gt;
&lt;type 'unicode'&gt;</msg>
<msg timestamp="20210207 17:06:01.930" level="FAIL">403 != 200</msg>
<status status="FAIL" starttime="20210207 17:06:01.929" endtime="20210207 17:06:01.931"></status>
</kw>
<status status="FAIL" starttime="20210207 17:06:01.927" endtime="20210207 17:06:01.931"></status>
</kw>
<status status="FAIL" starttime="20210207 17:05:59.682" endtime="20210207 17:06:01.932" critical="yes">403 != 200</status>
</test>
<test id="s1-t2" name="Buscar um livro específico(GET em um livro específico)">
<kw name="Requisitar o livro &quot;15&quot;" library="ResourceAPI">
<kw name="Get Request" library="RequestsLibrary">
<doc>*DEPRECATED* Please use `GET On Session` instead.</doc>
<arguments>
<arg>fakeAPI</arg>
<arg>Books/${ID_LIVRO}</arg>
</arguments>
<assign>
<var>${RESPOSTA}</var>
</assign>
<msg timestamp="20210207 17:06:01.935" level="WARN">Keyword 'RequestsLibrary.Get Request' is deprecated. Please use `GET On Session` instead.</msg>
<msg timestamp="20210207 17:06:02.229" level="INFO">GET Request : url=https://fakerestapi.azurewebsites.net/api//Books/15 
 path_url=/api//Books/15 
 headers={'User-Agent': 'python-requests/2.22.0', 'Accept-Encoding': 'gzip, deflate', 'Accept': '*/*', 'Connection': 'keep-alive'} 
 body=None 
 </msg>
<msg timestamp="20210207 17:06:02.229" level="INFO">GET Response : url=https://fakerestapi.azurewebsites.net/api//Books/15 
 status=403, reason=Site Disabled 
 headers={'Content-Type': 'text/html', 'Server': 'Microsoft-IIS/10.0', 'Date': 'Sun, 07 Feb 2021 21:06:01 GMT', 'Content-Length': '2345'} 
 body=ï»¿&lt;!DOCTYPE html&gt;
&lt;html&gt;
&lt;head&gt;
    &lt;title&gt;Web App - Unavailable&lt;/title&gt;
    &lt;style type="text/css"&gt;
        html {
            height: 100%;
            width: 100%;
        }

        #feature {
            width: 960px;
            margin: 95px auto 0 auto;
            overflow: auto;
        }

        #content {
            font-family: "Segoe UI";
            font-weight: normal;
            font-size: 22px;
            color: #ffffff;
            float: left;
            width: 460px;
            margin-top: 68px;
            margin-left: 0px;
            vertical-align: middle;
        }

            #content h1 {
                font-family: "Segoe UI Light";
                color: #ffffff;
                font-weight: normal;
                font-size: 60px;
                line-height: 48pt;
                width: 800px;
            }

        p a, p a:visited, p a:active, p a:hover {
            color: #ffffff;
        }

        #content a.button {
            background: #0DBCF2;
            border: 1px solid #FFFFFF;
            color: #FFFFFF;
            display: inline-block;
            font-family: Segoe UI;
            font-size: 24px;
            line-height: 46px;
            margin-top: 10px;
            padding: 0 15px 3px;
            text-decoration: none;
        }

            #content a.button img {
                float: right;
                padding: 10px 0 0 15px;
            }

            #content a.button:hover {
                background: #1C75BC;
            }
    &lt;/style&gt;
&lt;/head&gt;
&lt;body bgcolor="#00abec"&gt;
    &lt;div id="feature"&gt;
            &lt;div id="content"&gt;
                &lt;h1 id="unavailable"&gt;Error 403 - This web app is stopped.&lt;/h1&gt;
                &lt;p id="tryAgain"&gt;The web app you have attempted to reach is currently stopped and does not accept any requests. Please try to reload the page or visit it again soon.&lt;/p&gt;
                &lt;p id="toAdmin"&gt;If you are the web app administrator, please find the common 403 error scenarios and resolution &lt;a href="https://go.microsoft.com/fwlink/?linkid=2095007" target="_blank"&gt;here&lt;/a&gt;. For further troubleshooting tools and recommendations, please visit &lt;a href="https://portal.azure.com/"&gt;Azure Portal&lt;/a&gt;.&lt;/p&gt;
        &lt;/div&gt;
    &lt;/div&gt;
&lt;/body&gt;
&lt;/html&gt;
 
 </msg>
<msg timestamp="20210207 17:06:02.230" level="INFO">/home/rogerio.ribeiro/Documentos/API/env/lib/python3.8/site-packages/urllib3/connectionpool.py:999: InsecureRequestWarning: Unverified HTTPS request is being made to host 'fakerestapi.azurewebsites.net'. Adding certificate verification is strongly advised. See: https://urllib3.readthedocs.io/en/latest/advanced-usage.html#ssl-warnings
  warnings.warn(</msg>
<msg timestamp="20210207 17:06:02.230" level="INFO">${RESPOSTA} = &lt;Response [403]&gt;</msg>
<status status="PASS" starttime="20210207 17:06:01.935" endtime="20210207 17:06:02.230"></status>
</kw>
<kw name="Log" library="BuiltIn">
<doc>Logs the given message with the given level.</doc>
<arguments>
<arg>${RESPOSTA.text}</arg>
</arguments>
<msg timestamp="20210207 17:06:02.232" level="INFO">ï»¿&lt;!DOCTYPE html&gt;
&lt;html&gt;
&lt;head&gt;
    &lt;title&gt;Web App - Unavailable&lt;/title&gt;
    &lt;style type="text/css"&gt;
        html {
            height: 100%;
            width: 100%;
        }

        #feature {
            width: 960px;
            margin: 95px auto 0 auto;
            overflow: auto;
        }

        #content {
            font-family: "Segoe UI";
            font-weight: normal;
            font-size: 22px;
            color: #ffffff;
            float: left;
            width: 460px;
            margin-top: 68px;
            margin-left: 0px;
            vertical-align: middle;
        }

            #content h1 {
                font-family: "Segoe UI Light";
                color: #ffffff;
                font-weight: normal;
                font-size: 60px;
                line-height: 48pt;
                width: 800px;
            }

        p a, p a:visited, p a:active, p a:hover {
            color: #ffffff;
        }

        #content a.button {
            background: #0DBCF2;
            border: 1px solid #FFFFFF;
            color: #FFFFFF;
            display: inline-block;
            font-family: Segoe UI;
            font-size: 24px;
            line-height: 46px;
            margin-top: 10px;
            padding: 0 15px 3px;
            text-decoration: none;
        }

            #content a.button img {
                float: right;
                padding: 10px 0 0 15px;
            }

            #content a.button:hover {
                background: #1C75BC;
            }
    &lt;/style&gt;
&lt;/head&gt;
&lt;body bgcolor="#00abec"&gt;
    &lt;div id="feature"&gt;
            &lt;div id="content"&gt;
                &lt;h1 id="unavailable"&gt;Error 403 - This web app is stopped.&lt;/h1&gt;
                &lt;p id="tryAgain"&gt;The web app you have attempted to reach is currently stopped and does not accept any requests. Please try to reload the page or visit it again soon.&lt;/p&gt;
                &lt;p id="toAdmin"&gt;If you are the web app administrator, please find the common 403 error scenarios and resolution &lt;a href="https://go.microsoft.com/fwlink/?linkid=2095007" target="_blank"&gt;here&lt;/a&gt;. For further troubleshooting tools and recommendations, please visit &lt;a href="https://portal.azure.com/"&gt;Azure Portal&lt;/a&gt;.&lt;/p&gt;
        &lt;/div&gt;
    &lt;/div&gt;
&lt;/body&gt;
&lt;/html&gt;
</msg>
<status status="PASS" starttime="20210207 17:06:02.231" endtime="20210207 17:06:02.232"></status>
</kw>
<kw name="Set Test Variable" library="BuiltIn">
<doc>Makes a variable available everywhere within the scope of the current test.</doc>
<arguments>
<arg>${RESPOSTA}</arg>
</arguments>
<msg timestamp="20210207 17:06:02.233" level="INFO">${RESPOSTA} = &lt;Response [403]&gt;</msg>
<status status="PASS" starttime="20210207 17:06:02.232" endtime="20210207 17:06:02.234"></status>
</kw>
<status status="PASS" starttime="20210207 17:06:01.934" endtime="20210207 17:06:02.236"></status>
</kw>
<status status="PASS" starttime="20210207 17:06:01.933" endtime="20210207 17:06:02.238" critical="yes"></status>
</test>
<doc>Documentação da API: https://fakerestapi.azurewebsites.net/swagger/ui/index#!/Books</doc>
<status status="FAIL" starttime="20210207 17:05:59.594" endtime="20210207 17:06:02.242"></status>
</suite>
<statistics>
<total>
<stat pass="1" fail="1">Critical Tests</stat>
<stat pass="1" fail="1">All Tests</stat>
</total>
<tag>
</tag>
<suite>
<stat pass="1" fail="1" id="s1" name="TestCasesAPIBooks">TestCasesAPIBooks</stat>
</suite>
</statistics>
<errors>
<msg timestamp="20210207 17:05:59.618" level="ERROR">Error in file '/home/rogerio.ribeiro/Documentos/API/env/BooksAPI/ResourceAPI.robot' on line 9: Setting variable '&amp;{BOOK_15}' failed: Invalid dictionary variable item '15'. Items must use 'name=value' syntax or be dictionary variables themselves.</msg>
<msg timestamp="20210207 17:05:59.683" level="WARN">Keyword 'RequestsLibrary.Get Request' is deprecated. Please use `GET On Session` instead.</msg>
<msg timestamp="20210207 17:06:01.935" level="WARN">Keyword 'RequestsLibrary.Get Request' is deprecated. Please use `GET On Session` instead.</msg>
</errors>
</robot>
